#
# There is insufficient memory for the Java Runtime Environment to continue.
# Native memory allocation (mmap) failed to map 301989888 bytes. Error detail: G1 virtual space
# Possible reasons:
#   The system is out of physical RAM or swap space
#   This process is running with CompressedOops enabled, and the Java Heap may be blocking the growth of the native heap
# Possible solutions:
#   Reduce memory load on the system
#   Increase physical memory or swap space
#   Check if swap backing store is full
#   Decrease Java heap size (-Xmx/-Xms)
#   Decrease number of Java threads
#   Decrease Java thread stack sizes (-Xss)
#   Set larger code cache with -XX:ReservedCodeCacheSize=
#   JVM is running with Zero Based Compressed Oops mode in which the Java heap is
#     placed in the first 32GB address space. The Java Heap base address is the
#     maximum limit for the native heap growth. Please use -XX:HeapBaseMinAddress
#     to set the Java Heap base and to place the Java Heap above 32GB virtual address.
# This output file may be truncated or incomplete.
#
#  Out of Memory Error (os_windows.cpp:3815), pid=20904, tid=22752
#
# JRE version:  (21.0.3+13) (build )
# Java VM: OpenJDK 64-Bit Server VM (21.0.3+13-b509.11, mixed mode, sharing, tiered, compressed oops, compressed class ptrs, g1 gc, windows-amd64)
# No core dump will be written. Minidumps are not enabled by default on client versions of Windows
#

---------------  S U M M A R Y ------------

Command Line: git4idea.http.GitAskPassApp Username for 'https://gitlab.com': 

Host: AMD Ryzen 5 3500U with Radeon Vega Mobile Gfx  , 8 cores, 17G,  Windows 11 , 64 bit Build 22621 (10.0.22621.5124)
Time: Fri May  2 16:46:44 2025 W. Europe Summer Time elapsed time: 0.031551 seconds (0d 0h 0m 0s)

---------------  T H R E A D  ---------------

Current thread (0x00000126de2cb090):  JavaThread "Unknown thread" [_thread_in_vm, id=22752, stack(0x000000260de00000,0x000000260df00000) (1024K)]

Stack: [0x000000260de00000,0x000000260df00000]
Native frames: (J=compiled Java code, j=interpreted, Vv=VM code, C=native code)
V  [jvm.dll+0x6e02f9]
V  [jvm.dll+0x8bd383]
V  [jvm.dll+0x8bf8de]
V  [jvm.dll+0x8bffc3]
V  [jvm.dll+0x2879c6]
V  [jvm.dll+0x6dcac5]
V  [jvm.dll+0x6d0f9a]
V  [jvm.dll+0x35f9bb]
V  [jvm.dll+0x367566]
V  [jvm.dll+0x3b8b56]
V  [jvm.dll+0x3b8e28]
V  [jvm.dll+0x33217c]
V  [jvm.dll+0x332e6b]
V  [jvm.dll+0x8845e9]
V  [jvm.dll+0x3c5f38]
V  [jvm.dll+0x86d80d]
V  [jvm.dll+0x45ab9e]
V  [jvm.dll+0x45c771]
C  [jli.dll+0x52ab]
C  [ucrtbase.dll+0x29333]
C  [KERNEL32.DLL+0x1259d]
C  [ntdll.dll+0x5af38]


---------------  P R O C E S S  ---------------

Threads class SMR info:
_java_thread_list=0x00007ffc8c1bd108, length=0, elements={
}

Java Threads: ( => current thread )
Total: 0

Other Threads:
  0x00000126de544790 WorkerThread "GC Thread#0"                     [id=17556, stack(0x000000260df00000,0x000000260e000000) (1024K)]
  0x00000126de54e830 ConcurrentGCThread "G1 Main Marker"            [id=19212, stack(0x000000260e000000,0x000000260e100000) (1024K)]
  0x00000126de54fad0 WorkerThread "G1 Conc#0"                       [id=10548, stack(0x000000260e100000,0x000000260e200000) (1024K)]

[error occurred during error reporting (printing all threads), id 0xc0000005, EXCEPTION_ACCESS_VIOLATION (0xc0000005) at pc=0x00007ffc8b8b52d7]
VM state: not at safepoint (not fully initialized)

VM Mutex/Monitor currently owned by a thread:  ([mutex/lock_event])
[0x00007ffc8c231858] Heap_lock - owner thread: 0x00000126de2cb090

Heap address: 0x00000006e1c00000, size: 4580 MB, Compressed Oops mode: Zero based, Oop shift amount: 3

CDS archive(s) mapped at: [0x0000000000000000-0x0000000000000000-0x0000000000000000), size 0, SharedBaseAddress: 0x0000000800000000, ArchiveRelocationMode: 1.
Narrow klass base: 0x0000000000000000, Narrow klass shift: 0, Narrow klass range: 0x0

GC Precious Log:
 CardTable entry size: 512
 Card Set container configuration: InlinePtr #cards 4 size 8 Array Of Cards #cards 32 size 80 Howl #buckets 8 coarsen threshold 7372 Howl Bitmap #cards 1024 size 144 coarsen threshold 921 Card regions per heap region 1 cards per card region 8192

Heap:
 garbage-first heap   total 0K, used 0K [0x00000006e1c00000, 0x0000000800000000)
  region size 4096K, 0 young (0K), 0 survivors (0K)
 Metaspace       used 0K, committed 0K, reserved 0K
  class space    used 0K, committed 0K, reserved 0K

Heap Regions: E=young(eden), S=young(survivor), O=old, HS=humongous(starts), HC=humongous(continues), CS=collection set, F=free, TAMS=top-at-mark-start, PB=parsable bottom

Card table byte_map: [0x00000126f3f30000,0x00000126f4830000] _byte_map_base: 0x00000126f0822000

Marking Bits: (CMBitMap*) 0x00000126de544e90
 Bits: [0x00000126f4830000, 0x00000126f8fc0000)

GC Heap History (0 events):
No events

Dll operation events (1 events):
Event: 0.018 Loaded shared library C:\Users\Mira\AppData\Local\Programs\IntelliJ IDEA Ultimate\jbr\bin\java.dll

Deoptimization events (0 events):
No events

Classes loaded (0 events):
No events

Classes unloaded (0 events):
No events

Classes redefined (0 events):
No events

Internal exceptions (0 events):
No events

ZGC Phase Switch (0 events):
No events

VM Operations (0 events):
No events

Events (0 events):
No events


Dynamic libraries:
0x00007ff77cf80000 - 0x00007ff77cf8a000 	C:\Users\Mira\AppData\Local\Programs\IntelliJ IDEA Ultimate\jbr\bin\java.exe
0x00007ffd0b330000 - 0x00007ffd0b547000 	C:\WINDOWS\SYSTEM32\ntdll.dll
0x00007ffd09010000 - 0x00007ffd090d4000 	C:\WINDOWS\System32\KERNEL32.DLL
0x00007ffd08bf0000 - 0x00007ffd08fc3000 	C:\WINDOWS\System32\KERNELBASE.dll
0x00007ffd08770000 - 0x00007ffd08881000 	C:\WINDOWS\System32\ucrtbase.dll
0x00007ffce6970000 - 0x00007ffce698b000 	C:\Users\Mira\AppData\Local\Programs\IntelliJ IDEA Ultimate\jbr\bin\VCRUNTIME140.dll
0x00007ffcf7e60000 - 0x00007ffcf7e78000 	C:\Users\Mira\AppData\Local\Programs\IntelliJ IDEA Ultimate\jbr\bin\jli.dll
0x00007ffd0acc0000 - 0x00007ffd0ae71000 	C:\WINDOWS\System32\USER32.dll
0x00007ffcf2cf0000 - 0x00007ffcf2f88000 	C:\WINDOWS\WinSxS\amd64_microsoft.windows.common-controls_6595b64144ccf1df_6.0.22621.5124_none_270e8f4f7386d69d\COMCTL32.dll
0x00007ffd08890000 - 0x00007ffd088b6000 	C:\WINDOWS\System32\win32u.dll
0x00007ffd0ae80000 - 0x00007ffd0af27000 	C:\WINDOWS\System32\msvcrt.dll
0x00007ffd0aab0000 - 0x00007ffd0aad9000 	C:\WINDOWS\System32\GDI32.dll
0x00007ffd08960000 - 0x00007ffd08a7b000 	C:\WINDOWS\System32\gdi32full.dll
0x00007ffd088c0000 - 0x00007ffd0895a000 	C:\WINDOWS\System32\msvcp_win.dll
0x00007ffd08fd0000 - 0x00007ffd09001000 	C:\WINDOWS\System32\IMM32.DLL
0x00007ffcc1e00000 - 0x00007ffcc1e0c000 	C:\Users\Mira\AppData\Local\Programs\IntelliJ IDEA Ultimate\jbr\bin\vcruntime140_1.dll
0x00007ffcf7c70000 - 0x00007ffcf7cfd000 	C:\Users\Mira\AppData\Local\Programs\IntelliJ IDEA Ultimate\jbr\bin\msvcp140.dll
0x00007ffc8b570000 - 0x00007ffc8c322000 	C:\Users\Mira\AppData\Local\Programs\IntelliJ IDEA Ultimate\jbr\bin\server\jvm.dll
0x00007ffd0a1f0000 - 0x00007ffd0a2a1000 	C:\WINDOWS\System32\ADVAPI32.dll
0x00007ffd09b40000 - 0x00007ffd09be8000 	C:\WINDOWS\System32\sechost.dll
0x00007ffd086c0000 - 0x00007ffd086e8000 	C:\WINDOWS\System32\bcrypt.dll
0x00007ffd0aae0000 - 0x00007ffd0abf4000 	C:\WINDOWS\System32\RPCRT4.dll
0x00007ffd09e70000 - 0x00007ffd09ee1000 	C:\WINDOWS\System32\WS2_32.dll
0x00007ffd08310000 - 0x00007ffd0835d000 	C:\WINDOWS\SYSTEM32\POWRPROF.dll
0x00007ffd02e20000 - 0x00007ffd02e54000 	C:\WINDOWS\SYSTEM32\WINMM.dll
0x00007ffcff550000 - 0x00007ffcff55a000 	C:\WINDOWS\SYSTEM32\VERSION.dll
0x00007ffd082f0000 - 0x00007ffd08303000 	C:\WINDOWS\SYSTEM32\UMPDC.dll
0x00007ffd07430000 - 0x00007ffd07448000 	C:\WINDOWS\SYSTEM32\kernel.appcore.dll
0x00007ffc8ff80000 - 0x00007ffc8ff8a000 	C:\Users\Mira\AppData\Local\Programs\IntelliJ IDEA Ultimate\jbr\bin\jimage.dll
0x00007ffd002e0000 - 0x00007ffd00512000 	C:\WINDOWS\SYSTEM32\DBGHELP.DLL
0x00007ffd0af30000 - 0x00007ffd0b2c2000 	C:\WINDOWS\System32\combase.dll
0x00007ffd0a9d0000 - 0x00007ffd0aaa7000 	C:\WINDOWS\System32\OLEAUT32.dll
0x00007ffcf1810000 - 0x00007ffcf1842000 	C:\WINDOWS\SYSTEM32\dbgcore.DLL
0x00007ffd086f0000 - 0x00007ffd0876b000 	C:\WINDOWS\System32\bcryptPrimitives.dll
0x00007ffc8faa0000 - 0x00007ffc8fabf000 	C:\Users\Mira\AppData\Local\Programs\IntelliJ IDEA Ultimate\jbr\bin\java.dll

dbghelp: loaded successfully - version: 4.0.5 - missing functions: none
symbol engine: initialized successfully - sym options: 0x614 - pdb path: .;C:\Users\Mira\AppData\Local\Programs\IntelliJ IDEA Ultimate\jbr\bin;C:\WINDOWS\SYSTEM32;C:\WINDOWS\WinSxS\amd64_microsoft.windows.common-controls_6595b64144ccf1df_6.0.22621.5124_none_270e8f4f7386d69d;C:\Users\Mira\AppData\Local\Programs\IntelliJ IDEA Ultimate\jbr\bin\server

VM Arguments:
java_command: git4idea.http.GitAskPassApp Username for 'https://gitlab.com': 
java_class_path (initial): C:/Users/Mira/AppData/Local/Programs/IntelliJ IDEA Ultimate/plugins/vcs-git/lib/git4idea-rt.jar;C:/Users/Mira/AppData/Local/Programs/IntelliJ IDEA Ultimate/lib/externalProcess-rt.jar
Launcher Type: SUN_STANDARD

[Global flags]
     intx CICompilerCount                          = 4                                         {product} {ergonomic}
     uint ConcGCThreads                            = 2                                         {product} {ergonomic}
     uint G1ConcRefinementThreads                  = 8                                         {product} {ergonomic}
   size_t G1HeapRegionSize                         = 4194304                                   {product} {ergonomic}
    uintx GCDrainStackTargetSize                   = 64                                        {product} {ergonomic}
   size_t InitialHeapSize                          = 301989888                                 {product} {ergonomic}
   size_t MarkStackSize                            = 4194304                                   {product} {ergonomic}
   size_t MaxHeapSize                              = 4802478080                                {product} {ergonomic}
   size_t MinHeapDeltaBytes                        = 4194304                                   {product} {ergonomic}
   size_t MinHeapSize                              = 8388608                                   {product} {ergonomic}
    uintx NonNMethodCodeHeapSize                   = 5839372                                {pd product} {ergonomic}
    uintx NonProfiledCodeHeapSize                  = 122909434                              {pd product} {ergonomic}
    uintx ProfiledCodeHeapSize                     = 122909434                              {pd product} {ergonomic}
    uintx ReservedCodeCacheSize                    = 251658240                              {pd product} {ergonomic}
     bool SegmentedCodeCache                       = true                                      {product} {ergonomic}
   size_t SoftMaxHeapSize                          = 4802478080                             {manageable} {ergonomic}
     bool UseCompressedOops                        = true                           {product lp64_product} {ergonomic}
     bool UseG1GC                                  = true                                      {product} {ergonomic}
     bool UseLargePagesIndividualAllocation        = false                                  {pd product} {ergonomic}

Logging:
Log output configuration:
 #0: stdout all=warning uptime,level,tags foldmultilines=false
 #1: stderr all=off uptime,level,tags foldmultilines=false

Environment Variables:
PATH=C:/Program Files/Git/mingw64/libexec/git-core;C:/Program Files/Git/mingw64/libexec/git-core;C:\Program Files\Git\mingw64\bin;C:\Program Files\Git\usr\bin;C:\Users\Mira\bin;C:\Program Files (x86)\Common Files\Oracle\Java\java8path;C:\Program Files (x86)\Common Files\Oracle\Java\javapath;C:\WINDOWS\system32;C:\WINDOWS;C:\WINDOWS\System32\Wbem;C:\WINDOWS\System32\WindowsPowerShell\v1.0\;C:\WINDOWS\System32\OpenSSH\;C:\Program Files\Git\cmd;C:\Program Files\PostgreSQL\17\bin;C:\Users\Mira\AppData\Local\Programs\Python\Python312\Scripts\;C:\Users\Mira\AppData\Local\Programs\Python\Python312\;C:\Users\Mira\AppData\Local\Programs\Python\Launcher\;C:\Users\Mira\AppData\Local\Microsoft\WindowsApps;C:\Users\Mira\AppData\Local\JetBrains\Toolbox\scripts;C:\Users\Mira\AppData\Local\Microsoft\WindowsApps;C:\Users\Mira\AppData\Local\GitHubDesktop\bin;C:\Users\Mira\AppData\Local\Programs\Microsoft VS Code\bin
USERNAME=Mira
DISPLAY=:0.0
LC_ALL=en_US.UTF-8
TERM=xterm-256color
TMPDIR=C:\Users\Mira\AppData\Local\Temp
OS=Windows_NT
PROCESSOR_IDENTIFIER=AMD64 Family 23 Model 24 Stepping 1, AuthenticAMD
TMP=C:\Users\Mira\AppData\Local\Temp
TEMP=C:\Users\Mira\AppData\Local\Temp




Periodic native trim disabled

JNI global refs:
JNI global refs: 0, weak refs: 0

JNI global refs memory usage: 0, weak refs: 0

Process memory usage:
Resident Set Size: 11808K (0% of 18747656K total physical memory with 4430536K free physical memory)

OOME stack traces (most recent first):
Classloader memory used:

---------------  S Y S T E M  ---------------

OS:
 Windows 11 , 64 bit Build 22621 (10.0.22621.5124)
OS uptime: 1 days 3:55 hours
Hyper-V role detected

CPU: total 8 (initial active 8) (8 cores per cpu, 2 threads per core) family 23 model 24 stepping 1 microcode 0x0, cx8, cmov, fxsr, ht, mmx, 3dnowpref, sse, sse2, sse3, ssse3, sse4a, sse4.1, sse4.2, popcnt, lzcnt, tsc, tscinvbit, avx, avx2, aes, clmul, bmi1, bmi2, adx, sha, fma, vzeroupper, clflush, clflushopt, hv, rdtscp, f16c
Processor Information for all 8 processors :
  Max Mhz: 2100, Current Mhz: 2100, Mhz Limit: 2100

Memory: 4k page, system-wide physical 18308M (4326M free)
TotalPageFile size 22404M (AvailPageFile size 21M)
current process WorkingSet (physical memory assigned to process): 11M, peak: 11M
current process commit charge ("private bytes"): 60M, peak: 348M

vm_info: OpenJDK 64-Bit Server VM (21.0.3+13-b509.11) for windows-amd64 JRE (21.0.3+13-b509.11), built on 2024-08-12 by "builduser" with MS VC++ 16.10 / 16.11 (VS2019)

END.
