#
# There is insufficient memory for the Java Runtime Environment to continue.
# Native memory allocation (mmap) failed to map 65536 bytes. Error detail: Failed to commit metaspace.
# Possible reasons:
#   The system is out of physical RAM or swap space
#   This process is running with CompressedOops enabled, and the Java Heap may be blocking the growth of the native heap
# Possible solutions:
#   Reduce memory load on the system
#   Increase physical memory or swap space
#   Check if swap backing store is full
#   Decrease Java heap size (-Xmx/-Xms)
#   Decrease number of Java threads
#   Decrease Java thread stack sizes (-Xss)
#   Set larger code cache with -XX:ReservedCodeCacheSize=
#   JVM is running with Zero Based Compressed Oops mode in which the Java heap is
#     placed in the first 32GB address space. The Java Heap base address is the
#     maximum limit for the native heap growth. Please use -XX:HeapBaseMinAddress
#     to set the Java Heap base and to place the Java Heap above 32GB virtual address.
# This output file may be truncated or incomplete.
#
#  Out of Memory Error (virtualSpaceNode.cpp:112), pid=12664, tid=25108
#
# JRE version: OpenJDK Runtime Environment JBR-21.0.3+13-509.11-jcef (21.0.3+13) (build 21.0.3+13-b509.11)
# Java VM: OpenJDK 64-Bit Server VM JBR-21.0.3+13-509.11-jcef (21.0.3+13-b509.11, mixed mode, tiered, compressed oops, compressed class ptrs, g1 gc, windows-amd64)
# No core dump will be written. Minidumps are not enabled by default on client versions of Windows
#

---------------  S U M M A R Y ------------

Command Line: git4idea.http.GitAskPassApp Username for 'https://gitlab.com': 

Host: AMD Ryzen 5 3500U with Radeon Vega Mobile Gfx  , 8 cores, 17G,  Windows 11 , 64 bit Build 22621 (10.0.22621.5124)
Time: Fri May  2 15:26:44 2025 W. Europe Summer Time elapsed time: 0.283212 seconds (0d 0h 0m 0s)

---------------  T H R E A D  ---------------

Current thread (0x000001502389b4e0):  JavaThread "main"             [_thread_in_vm, id=25108, stack(0x0000003086a00000,0x0000003086b00000) (1024K)]

Stack: [0x0000003086a00000,0x0000003086b00000]
Native frames: (J=compiled Java code, j=interpreted, Vv=VM code, C=native code)
V  [jvm.dll+0x6e02f9]
V  [jvm.dll+0x8bd383]
V  [jvm.dll+0x8bf8de]
V  [jvm.dll+0x8bffc3]
V  [jvm.dll+0x2879c6]
V  [jvm.dll+0x8b81ce]
V  [jvm.dll+0x6819a5]
V  [jvm.dll+0x1ea531]
V  [jvm.dll+0x1ea2fe]
V  [jvm.dll+0x6842b8]
V  [jvm.dll+0x6840f2]
V  [jvm.dll+0x68235e]
V  [jvm.dll+0x2724a6]
V  [jvm.dll+0x21d45b]
V  [jvm.dll+0x212949]
V  [jvm.dll+0x5bfb43]
V  [jvm.dll+0x834f50]
V  [jvm.dll+0x83507e]
V  [jvm.dll+0x47bbd8]
V  [jvm.dll+0x4819f8]
C  [java.dll+0x17ec]

Java frames: (J=compiled Java code, j=interpreted, Vv=VM code)
j  java.lang.ClassLoader.defineClass1(Ljava/lang/ClassLoader;Ljava/lang/String;[BIILjava/security/ProtectionDomain;Ljava/lang/String;)Ljava/lang/Class;+0 java.base@21.0.3
j  java.lang.ClassLoader.defineClass(Ljava/lang/String;[BIILjava/security/ProtectionDomain;)Ljava/lang/Class;+27 java.base@21.0.3
j  java.security.SecureClassLoader.defineClass(Ljava/lang/String;[BIILjava/security/CodeSource;)Ljava/lang/Class;+12 java.base@21.0.3
j  jdk.internal.loader.BuiltinClassLoader.defineClass(Ljava/lang/String;Ljdk/internal/loader/Resource;)Ljava/lang/Class;+117 java.base@21.0.3
j  jdk.internal.loader.BuiltinClassLoader.findClassOnClassPathOrNull(Ljava/lang/String;)Ljava/lang/Class;+37 java.base@21.0.3
j  jdk.internal.loader.BuiltinClassLoader.loadClassOrNull(Ljava/lang/String;Z)Ljava/lang/Class;+111 java.base@21.0.3
j  jdk.internal.loader.BuiltinClassLoader.loadClass(Ljava/lang/String;Z)Ljava/lang/Class;+3 java.base@21.0.3
j  jdk.internal.loader.ClassLoaders$AppClassLoader.loadClass(Ljava/lang/String;Z)Ljava/lang/Class;+36 java.base@21.0.3
j  java.lang.ClassLoader.loadClass(Ljava/lang/String;)Ljava/lang/Class;+3 java.base@21.0.3
v  ~StubRoutines::call_stub 0x0000015030f9100d
j  java.lang.Class.forName0(Ljava/lang/String;ZLjava/lang/ClassLoader;Ljava/lang/Class;)Ljava/lang/Class;+0 java.base@21.0.3
j  java.lang.Class.forName(Ljava/lang/String;ZLjava/lang/ClassLoader;Ljava/lang/Class;)Ljava/lang/Class;+37 java.base@21.0.3
j  java.lang.Class.forName(Ljava/lang/String;ZLjava/lang/ClassLoader;)Ljava/lang/Class;+20 java.base@21.0.3
j  sun.launcher.LauncherHelper.loadMainClass(ILjava/lang/String;)Ljava/lang/Class;+95 java.base@21.0.3
j  sun.launcher.LauncherHelper.checkAndLoadMain(ZILjava/lang/String;)Ljava/lang/Class;+42 java.base@21.0.3
v  ~StubRoutines::call_stub 0x0000015030f9100d

---------------  P R O C E S S  ---------------

Threads class SMR info:
_java_thread_list=0x00000150415c69b0, length=11, elements={
0x000001502389b4e0, 0x00000150413ed760, 0x000001504143b050, 0x000001504141b0d0,
0x0000015041424dd0, 0x0000015041427fe0, 0x00000150414291e0, 0x000001504142a710,
0x0000015041441b50, 0x00000150415e4de0, 0x00000150415ea290
}

Java Threads: ( => current thread )
=>0x000001502389b4e0 JavaThread "main"                              [_thread_in_vm, id=25108, stack(0x0000003086a00000,0x0000003086b00000) (1024K)]
  0x00000150413ed760 JavaThread "Reference Handler"          daemon [_thread_blocked, id=8780, stack(0x0000003087200000,0x0000003087300000) (1024K)]
  0x000001504143b050 JavaThread "Finalizer"                  daemon [_thread_blocked, id=14416, stack(0x0000003087300000,0x0000003087400000) (1024K)]
  0x000001504141b0d0 JavaThread "Signal Dispatcher"          daemon [_thread_blocked, id=24056, stack(0x0000003087400000,0x0000003087500000) (1024K)]
  0x0000015041424dd0 JavaThread "Attach Listener"            daemon [_thread_blocked, id=6008, stack(0x0000003087500000,0x0000003087600000) (1024K)]
  0x0000015041427fe0 JavaThread "Service Thread"             daemon [_thread_blocked, id=23824, stack(0x0000003087600000,0x0000003087700000) (1024K)]
  0x00000150414291e0 JavaThread "Monitor Deflation Thread"   daemon [_thread_blocked, id=24752, stack(0x0000003087700000,0x0000003087800000) (1024K)]
  0x000001504142a710 JavaThread "C2 CompilerThread0"         daemon [_thread_blocked, id=8964, stack(0x0000003087800000,0x0000003087900000) (1024K)]
  0x0000015041441b50 JavaThread "C1 CompilerThread0"         daemon [_thread_blocked, id=26436, stack(0x0000003087900000,0x0000003087a00000) (1024K)]
  0x00000150415e4de0 JavaThread "Notification Thread"        daemon [_thread_blocked, id=24824, stack(0x0000003087a00000,0x0000003087b00000) (1024K)]
  0x00000150415ea290 JavaThread "Common-Cleaner"             daemon [_thread_blocked, id=13428, stack(0x0000003087b00000,0x0000003087c00000) (1024K)]
Total: 11

Other Threads:
  0x0000015041141b00 VMThread "VM Thread"                           [id=25380, stack(0x0000003087100000,0x0000003087200000) (1024K)]
  0x00000150410f1f40 WatcherThread "VM Periodic Task Thread"        [id=25592, stack(0x0000003087000000,0x0000003087100000) (1024K)]
  0x0000015025bb1f80 WorkerThread "GC Thread#0"                     [id=25588, stack(0x0000003086b00000,0x0000003086c00000) (1024K)]
  0x0000015025bbbf30 ConcurrentGCThread "G1 Main Marker"            [id=12872, stack(0x0000003086c00000,0x0000003086d00000) (1024K)]
  0x0000015025bbd0e0 WorkerThread "G1 Conc#0"                       [id=24500, stack(0x0000003086d00000,0x0000003086e00000) (1024K)]
  0x0000015025c0e6d0 ConcurrentGCThread "G1 Refine#0"               [id=20396, stack(0x0000003086e00000,0x0000003086f00000) (1024K)]
  0x0000015040fc7340 ConcurrentGCThread "G1 Service"                [id=3508, stack(0x0000003086f00000,0x0000003087000000) (1024K)]
Total: 7

Threads with active compile tasks:
Total: 0

VM state: not at safepoint (normal execution)

VM Mutex/Monitor currently owned by a thread:  ([mutex/lock_event])
[0x00007ffc8c22f558] Metaspace_lock - owner thread: 0x000001502389b4e0

Heap address: 0x00000006e1c00000, size: 4580 MB, Compressed Oops mode: Zero based, Oop shift amount: 3

CDS archive(s) not mapped
Compressed class space mapped at: 0x0000000800000000-0x0000000840000000, reserved size: 1073741824
Narrow klass base: 0x0000000800000000, Narrow klass shift: 0, Narrow klass range: 0x40000000

GC Precious Log:
 CardTable entry size: 512
 Card Set container configuration: InlinePtr #cards 4 size 8 Array Of Cards #cards 32 size 80 Howl #buckets 8 coarsen threshold 7372 Howl Bitmap #cards 1024 size 144 coarsen threshold 921 Card regions per heap region 1 cards per card region 8192
 CPUs: 8 total, 8 available
 Memory: 18308M
 Large Page Support: Disabled
 NUMA Support: Disabled
 Compressed Oops: Enabled (Zero based)
 Heap Region Size: 4M
 Heap Min Capacity: 8M
 Heap Initial Capacity: 288M
 Heap Max Capacity: 4580M
 Pre-touch: Disabled
 Parallel Workers: 8
 Concurrent Workers: 2
 Concurrent Refinement Workers: 8
 Periodic GC: Disabled

Heap:
 garbage-first heap   total 294912K, used 0K [0x00000006e1c00000, 0x0000000800000000)
  region size 4096K, 1 young (4096K), 0 survivors (0K)
 Metaspace       used 5481K, committed 5504K, reserved 1114112K
  class space    used 443K, committed 448K, reserved 1048576K

Heap Regions: E=young(eden), S=young(survivor), O=old, HS=humongous(starts), HC=humongous(continues), CS=collection set, F=free, TAMS=top-at-mark-start, PB=parsable bottom
|   0|0x00000006e1c00000, 0x00000006e1c00000, 0x00000006e2000000|  0%| F|  |TAMS 0x00000006e1c00000| PB 0x00000006e1c00000| Untracked 
|   1|0x00000006e2000000, 0x00000006e2000000, 0x00000006e2400000|  0%| F|  |TAMS 0x00000006e2000000| PB 0x00000006e2000000| Untracked 
|   2|0x00000006e2400000, 0x00000006e2400000, 0x00000006e2800000|  0%| F|  |TAMS 0x00000006e2400000| PB 0x00000006e2400000| Untracked 
|   3|0x00000006e2800000, 0x00000006e2800000, 0x00000006e2c00000|  0%| F|  |TAMS 0x00000006e2800000| PB 0x00000006e2800000| Untracked 
|   4|0x00000006e2c00000, 0x00000006e2c00000, 0x00000006e3000000|  0%| F|  |TAMS 0x00000006e2c00000| PB 0x00000006e2c00000| Untracked 
|   5|0x00000006e3000000, 0x00000006e3000000, 0x00000006e3400000|  0%| F|  |TAMS 0x00000006e3000000| PB 0x00000006e3000000| Untracked 
|   6|0x00000006e3400000, 0x00000006e3400000, 0x00000006e3800000|  0%| F|  |TAMS 0x00000006e3400000| PB 0x00000006e3400000| Untracked 
|   7|0x00000006e3800000, 0x00000006e3800000, 0x00000006e3c00000|  0%| F|  |TAMS 0x00000006e3800000| PB 0x00000006e3800000| Untracked 
|   8|0x00000006e3c00000, 0x00000006e3c00000, 0x00000006e4000000|  0%| F|  |TAMS 0x00000006e3c00000| PB 0x00000006e3c00000| Untracked 
|   9|0x00000006e4000000, 0x00000006e4000000, 0x00000006e4400000|  0%| F|  |TAMS 0x00000006e4000000| PB 0x00000006e4000000| Untracked 
|  10|0x00000006e4400000, 0x00000006e4400000, 0x00000006e4800000|  0%| F|  |TAMS 0x00000006e4400000| PB 0x00000006e4400000| Untracked 
|  11|0x00000006e4800000, 0x00000006e4800000, 0x00000006e4c00000|  0%| F|  |TAMS 0x00000006e4800000| PB 0x00000006e4800000| Untracked 
|  12|0x00000006e4c00000, 0x00000006e4c00000, 0x00000006e5000000|  0%| F|  |TAMS 0x00000006e4c00000| PB 0x00000006e4c00000| Untracked 
|  13|0x00000006e5000000, 0x00000006e5000000, 0x00000006e5400000|  0%| F|  |TAMS 0x00000006e5000000| PB 0x00000006e5000000| Untracked 
|  14|0x00000006e5400000, 0x00000006e5400000, 0x00000006e5800000|  0%| F|  |TAMS 0x00000006e5400000| PB 0x00000006e5400000| Untracked 
|  15|0x00000006e5800000, 0x00000006e5800000, 0x00000006e5c00000|  0%| F|  |TAMS 0x00000006e5800000| PB 0x00000006e5800000| Untracked 
|  16|0x00000006e5c00000, 0x00000006e5c00000, 0x00000006e6000000|  0%| F|  |TAMS 0x00000006e5c00000| PB 0x00000006e5c00000| Untracked 
|  17|0x00000006e6000000, 0x00000006e6000000, 0x00000006e6400000|  0%| F|  |TAMS 0x00000006e6000000| PB 0x00000006e6000000| Untracked 
|  18|0x00000006e6400000, 0x00000006e6400000, 0x00000006e6800000|  0%| F|  |TAMS 0x00000006e6400000| PB 0x00000006e6400000| Untracked 
|  19|0x00000006e6800000, 0x00000006e6800000, 0x00000006e6c00000|  0%| F|  |TAMS 0x00000006e6800000| PB 0x00000006e6800000| Untracked 
|  20|0x00000006e6c00000, 0x00000006e6c00000, 0x00000006e7000000|  0%| F|  |TAMS 0x00000006e6c00000| PB 0x00000006e6c00000| Untracked 
|  21|0x00000006e7000000, 0x00000006e7000000, 0x00000006e7400000|  0%| F|  |TAMS 0x00000006e7000000| PB 0x00000006e7000000| Untracked 
|  22|0x00000006e7400000, 0x00000006e7400000, 0x00000006e7800000|  0%| F|  |TAMS 0x00000006e7400000| PB 0x00000006e7400000| Untracked 
|  23|0x00000006e7800000, 0x00000006e7800000, 0x00000006e7c00000|  0%| F|  |TAMS 0x00000006e7800000| PB 0x00000006e7800000| Untracked 
|  24|0x00000006e7c00000, 0x00000006e7c00000, 0x00000006e8000000|  0%| F|  |TAMS 0x00000006e7c00000| PB 0x00000006e7c00000| Untracked 
|  25|0x00000006e8000000, 0x00000006e8000000, 0x00000006e8400000|  0%| F|  |TAMS 0x00000006e8000000| PB 0x00000006e8000000| Untracked 
|  26|0x00000006e8400000, 0x00000006e8400000, 0x00000006e8800000|  0%| F|  |TAMS 0x00000006e8400000| PB 0x00000006e8400000| Untracked 
|  27|0x00000006e8800000, 0x00000006e8800000, 0x00000006e8c00000|  0%| F|  |TAMS 0x00000006e8800000| PB 0x00000006e8800000| Untracked 
|  28|0x00000006e8c00000, 0x00000006e8c00000, 0x00000006e9000000|  0%| F|  |TAMS 0x00000006e8c00000| PB 0x00000006e8c00000| Untracked 
|  29|0x00000006e9000000, 0x00000006e9000000, 0x00000006e9400000|  0%| F|  |TAMS 0x00000006e9000000| PB 0x00000006e9000000| Untracked 
|  30|0x00000006e9400000, 0x00000006e9400000, 0x00000006e9800000|  0%| F|  |TAMS 0x00000006e9400000| PB 0x00000006e9400000| Untracked 
|  31|0x00000006e9800000, 0x00000006e9800000, 0x00000006e9c00000|  0%| F|  |TAMS 0x00000006e9800000| PB 0x00000006e9800000| Untracked 
|  32|0x00000006e9c00000, 0x00000006e9c00000, 0x00000006ea000000|  0%| F|  |TAMS 0x00000006e9c00000| PB 0x00000006e9c00000| Untracked 
|  33|0x00000006ea000000, 0x00000006ea000000, 0x00000006ea400000|  0%| F|  |TAMS 0x00000006ea000000| PB 0x00000006ea000000| Untracked 
|  34|0x00000006ea400000, 0x00000006ea400000, 0x00000006ea800000|  0%| F|  |TAMS 0x00000006ea400000| PB 0x00000006ea400000| Untracked 
|  35|0x00000006ea800000, 0x00000006ea800000, 0x00000006eac00000|  0%| F|  |TAMS 0x00000006ea800000| PB 0x00000006ea800000| Untracked 
|  36|0x00000006eac00000, 0x00000006eac00000, 0x00000006eb000000|  0%| F|  |TAMS 0x00000006eac00000| PB 0x00000006eac00000| Untracked 
|  37|0x00000006eb000000, 0x00000006eb000000, 0x00000006eb400000|  0%| F|  |TAMS 0x00000006eb000000| PB 0x00000006eb000000| Untracked 
|  38|0x00000006eb400000, 0x00000006eb400000, 0x00000006eb800000|  0%| F|  |TAMS 0x00000006eb400000| PB 0x00000006eb400000| Untracked 
|  39|0x00000006eb800000, 0x00000006eb800000, 0x00000006ebc00000|  0%| F|  |TAMS 0x00000006eb800000| PB 0x00000006eb800000| Untracked 
|  40|0x00000006ebc00000, 0x00000006ebc00000, 0x00000006ec000000|  0%| F|  |TAMS 0x00000006ebc00000| PB 0x00000006ebc00000| Untracked 
|  41|0x00000006ec000000, 0x00000006ec000000, 0x00000006ec400000|  0%| F|  |TAMS 0x00000006ec000000| PB 0x00000006ec000000| Untracked 
|  42|0x00000006ec400000, 0x00000006ec400000, 0x00000006ec800000|  0%| F|  |TAMS 0x00000006ec400000| PB 0x00000006ec400000| Untracked 
|  43|0x00000006ec800000, 0x00000006ec800000, 0x00000006ecc00000|  0%| F|  |TAMS 0x00000006ec800000| PB 0x00000006ec800000| Untracked 
|  44|0x00000006ecc00000, 0x00000006ecc00000, 0x00000006ed000000|  0%| F|  |TAMS 0x00000006ecc00000| PB 0x00000006ecc00000| Untracked 
|  45|0x00000006ed000000, 0x00000006ed000000, 0x00000006ed400000|  0%| F|  |TAMS 0x00000006ed000000| PB 0x00000006ed000000| Untracked 
|  46|0x00000006ed400000, 0x00000006ed400000, 0x00000006ed800000|  0%| F|  |TAMS 0x00000006ed400000| PB 0x00000006ed400000| Untracked 
|  47|0x00000006ed800000, 0x00000006ed800000, 0x00000006edc00000|  0%| F|  |TAMS 0x00000006ed800000| PB 0x00000006ed800000| Untracked 
|  48|0x00000006edc00000, 0x00000006edc00000, 0x00000006ee000000|  0%| F|  |TAMS 0x00000006edc00000| PB 0x00000006edc00000| Untracked 
|  49|0x00000006ee000000, 0x00000006ee000000, 0x00000006ee400000|  0%| F|  |TAMS 0x00000006ee000000| PB 0x00000006ee000000| Untracked 
|  50|0x00000006ee400000, 0x00000006ee400000, 0x00000006ee800000|  0%| F|  |TAMS 0x00000006ee400000| PB 0x00000006ee400000| Untracked 
|  51|0x00000006ee800000, 0x00000006ee800000, 0x00000006eec00000|  0%| F|  |TAMS 0x00000006ee800000| PB 0x00000006ee800000| Untracked 
|  52|0x00000006eec00000, 0x00000006eec00000, 0x00000006ef000000|  0%| F|  |TAMS 0x00000006eec00000| PB 0x00000006eec00000| Untracked 
|  53|0x00000006ef000000, 0x00000006ef000000, 0x00000006ef400000|  0%| F|  |TAMS 0x00000006ef000000| PB 0x00000006ef000000| Untracked 
|  54|0x00000006ef400000, 0x00000006ef400000, 0x00000006ef800000|  0%| F|  |TAMS 0x00000006ef400000| PB 0x00000006ef400000| Untracked 
|  55|0x00000006ef800000, 0x00000006ef800000, 0x00000006efc00000|  0%| F|  |TAMS 0x00000006ef800000| PB 0x00000006ef800000| Untracked 
|  56|0x00000006efc00000, 0x00000006efc00000, 0x00000006f0000000|  0%| F|  |TAMS 0x00000006efc00000| PB 0x00000006efc00000| Untracked 
|  57|0x00000006f0000000, 0x00000006f0000000, 0x00000006f0400000|  0%| F|  |TAMS 0x00000006f0000000| PB 0x00000006f0000000| Untracked 
|  58|0x00000006f0400000, 0x00000006f0400000, 0x00000006f0800000|  0%| F|  |TAMS 0x00000006f0400000| PB 0x00000006f0400000| Untracked 
|  59|0x00000006f0800000, 0x00000006f0800000, 0x00000006f0c00000|  0%| F|  |TAMS 0x00000006f0800000| PB 0x00000006f0800000| Untracked 
|  60|0x00000006f0c00000, 0x00000006f0c00000, 0x00000006f1000000|  0%| F|  |TAMS 0x00000006f0c00000| PB 0x00000006f0c00000| Untracked 
|  61|0x00000006f1000000, 0x00000006f1000000, 0x00000006f1400000|  0%| F|  |TAMS 0x00000006f1000000| PB 0x00000006f1000000| Untracked 
|  62|0x00000006f1400000, 0x00000006f1400000, 0x00000006f1800000|  0%| F|  |TAMS 0x00000006f1400000| PB 0x00000006f1400000| Untracked 
|  63|0x00000006f1800000, 0x00000006f1800000, 0x00000006f1c00000|  0%| F|  |TAMS 0x00000006f1800000| PB 0x00000006f1800000| Untracked 
|  64|0x00000006f1c00000, 0x00000006f1c00000, 0x00000006f2000000|  0%| F|  |TAMS 0x00000006f1c00000| PB 0x00000006f1c00000| Untracked 
|  65|0x00000006f2000000, 0x00000006f2000000, 0x00000006f2400000|  0%| F|  |TAMS 0x00000006f2000000| PB 0x00000006f2000000| Untracked 
|  66|0x00000006f2400000, 0x00000006f2400000, 0x00000006f2800000|  0%| F|  |TAMS 0x00000006f2400000| PB 0x00000006f2400000| Untracked 
|  67|0x00000006f2800000, 0x00000006f2800000, 0x00000006f2c00000|  0%| F|  |TAMS 0x00000006f2800000| PB 0x00000006f2800000| Untracked 
|  68|0x00000006f2c00000, 0x00000006f2c00000, 0x00000006f3000000|  0%| F|  |TAMS 0x00000006f2c00000| PB 0x00000006f2c00000| Untracked 
|  69|0x00000006f3000000, 0x00000006f3000000, 0x00000006f3400000|  0%| F|  |TAMS 0x00000006f3000000| PB 0x00000006f3000000| Untracked 
|  70|0x00000006f3400000, 0x00000006f3400000, 0x00000006f3800000|  0%| F|  |TAMS 0x00000006f3400000| PB 0x00000006f3400000| Untracked 
|  71|0x00000006f3800000, 0x00000006f3a66898, 0x00000006f3c00000| 60%| E|  |TAMS 0x00000006f3800000| PB 0x00000006f3800000| Complete 

Card table byte_map: [0x00000150396a0000,0x0000015039fa0000] _byte_map_base: 0x0000015035f92000

Marking Bits: (CMBitMap*) 0x0000015025bb2590
 Bits: [0x0000015039fa0000, 0x000001503e730000)

Polling page: 0x0000015025310000

Metaspace:

Usage:
  Non-class:      4.92 MB used.
      Class:    443.12 KB used.
       Both:      5.35 MB used.

Virtual space:
  Non-class space:       64.00 MB reserved,       4.94 MB (  8%) committed,  1 nodes.
      Class space:        1.00 GB reserved,     448.00 KB ( <1%) committed,  1 nodes.
             Both:        1.06 GB reserved,       5.38 MB ( <1%) committed. 

Chunk freelists:
   Non-Class:  11.00 MB
       Class:  15.56 MB
        Both:  26.56 MB

MaxMetaspaceSize: unlimited
CompressedClassSpaceSize: 1.00 GB
Initial GC threshold: 21.00 MB
Current GC threshold: 21.00 MB
CDS: off
 - commit_granule_bytes: 65536.
 - commit_granule_words: 8192.
 - virtual_space_node_default_size: 8388608.
 - enlarge_chunks_in_place: 1.
 - use_allocation_guard: 0.


Internal statistics:

num_allocs_failed_limit: 0.
num_arena_births: 4.
num_arena_deaths: 0.
num_vsnodes_births: 2.
num_vsnodes_deaths: 0.
num_space_committed: 86.
num_space_uncommitted: 0.
num_chunks_returned_to_freelist: 0.
num_chunks_taken_from_freelist: 6.
num_chunk_merges: 0.
num_chunk_splits: 4.
num_chunks_enlarged: 0.
num_inconsistent_stats: 0.

CodeHeap 'non-profiled nmethods': size=120000Kb used=12Kb max_used=12Kb free=119987Kb
 bounds [0x0000015031530000, 0x00000150317a0000, 0x0000015038a60000]
CodeHeap 'profiled nmethods': size=120000Kb used=104Kb max_used=104Kb free=119895Kb
 bounds [0x0000015029a60000, 0x0000015029cd0000, 0x0000015030f90000]
CodeHeap 'non-nmethods': size=5760Kb used=1201Kb max_used=1201Kb free=4559Kb
 bounds [0x0000015030f90000, 0x0000015031200000, 0x0000015031530000]
 total_blobs=405 nmethods=76 adapters=234
 compilation: enabled
              stopped_count=0, restarted_count=0
 full_count=0

Compilation events (20 events):
Event: 0.218 Thread 0x0000015041441b50   66       1       java.util.ImmutableCollections$Set12::isEmpty (2 bytes)
Event: 0.218 Thread 0x0000015041441b50 nmethod 66 0x0000015031533010 code [0x00000150315331a0, 0x0000015031533268]
Event: 0.222 Thread 0x0000015041441b50   68       3       java.lang.String::getBytes (44 bytes)
Event: 0.222 Thread 0x0000015041441b50 nmethod 68 0x0000015029a76d10 code [0x0000015029a76ee0, 0x0000015029a771f0]
Event: 0.225 Thread 0x0000015041441b50   69       3       java.lang.Math::min (11 bytes)
Event: 0.225 Thread 0x0000015041441b50 nmethod 69 0x0000015029a77310 code [0x0000015029a774a0, 0x0000015029a775e0]
Event: 0.227 Thread 0x0000015041441b50   70       3       java.lang.StringBuilder::append (8 bytes)
Event: 0.227 Thread 0x0000015041441b50 nmethod 70 0x0000015029a77690 code [0x0000015029a77840, 0x0000015029a77990]
Event: 0.227 Thread 0x0000015041441b50   71       3       java.lang.AbstractStringBuilder::append (77 bytes)
Event: 0.228 Thread 0x0000015041441b50 nmethod 71 0x0000015029a77a10 code [0x0000015029a77c20, 0x0000015029a78308]
Event: 0.228 Thread 0x0000015041441b50   72       3       java.io.WinNTFileSystem::isSlash (18 bytes)
Event: 0.228 Thread 0x0000015041441b50 nmethod 72 0x0000015029a78590 code [0x0000015029a78740, 0x0000015029a788e0]
Event: 0.237 Thread 0x0000015041441b50   73       3       java.lang.StringLatin1::indexOfChar (33 bytes)
Event: 0.237 Thread 0x0000015041441b50 nmethod 73 0x0000015029a78990 code [0x0000015029a78b40, 0x0000015029a78d68]
Event: 0.237 Thread 0x0000015041441b50   74       3       java.lang.Math::max (11 bytes)
Event: 0.237 Thread 0x0000015041441b50 nmethod 74 0x0000015029a78e90 code [0x0000015029a79020, 0x0000015029a79160]
Event: 0.245 Thread 0x0000015041441b50   75       3       java.lang.String::indexOf (37 bytes)
Event: 0.246 Thread 0x0000015041441b50 nmethod 75 0x0000015029a79210 code [0x0000015029a79420, 0x0000015029a798b8]
Event: 0.246 Thread 0x0000015041441b50   76       3       java.lang.StringLatin1::indexOf (37 bytes)
Event: 0.246 Thread 0x0000015041441b50 nmethod 76 0x0000015029a79a90 code [0x0000015029a79c80, 0x0000015029a7a1a0]

GC Heap History (0 events):
No events

Dll operation events (2 events):
Event: 0.016 Loaded shared library C:\Users\Mira\AppData\Local\Programs\IntelliJ IDEA Ultimate\jbr\bin\java.dll
Event: 0.031 Loaded shared library C:\Users\Mira\AppData\Local\Programs\IntelliJ IDEA Ultimate\jbr\bin\zip.dll

Deoptimization events (0 events):
No events

Classes loaded (20 events):
Event: 0.277 Loading class java/security/Permissions
Event: 0.278 Loading class java/security/Permissions done
Event: 0.278 Loading class java/lang/RuntimePermission
Event: 0.278 Loading class java/security/BasicPermission
Event: 0.278 Loading class java/security/Permission
Event: 0.278 Loading class java/security/Guard
Event: 0.278 Loading class java/security/Guard done
Event: 0.278 Loading class java/security/Permission done
Event: 0.278 Loading class java/security/BasicPermission done
Event: 0.278 Loading class java/lang/RuntimePermission done
Event: 0.278 Loading class java/security/BasicPermissionCollection
Event: 0.279 Loading class java/security/BasicPermissionCollection done
Event: 0.279 Loading class java/security/AllPermission
Event: 0.279 Loading class java/security/AllPermission done
Event: 0.279 Loading class java/security/UnresolvedPermission
Event: 0.279 Loading class java/security/UnresolvedPermission done
Event: 0.279 Loading class java/security/SecureClassLoader$DebugHolder
Event: 0.279 Loading class java/security/SecureClassLoader$DebugHolder done
Event: 0.279 Loading class sun/security/util/Debug
Event: 0.279 Loading class sun/security/util/Debug done

Classes unloaded (0 events):
No events

Classes redefined (0 events):
No events

Internal exceptions (0 events):
No events

ZGC Phase Switch (0 events):
No events

VM Operations (0 events):
No events

Events (14 events):
Event: 0.028 Thread 0x000001502389b4e0 Thread added: 0x000001502389b4e0
Event: 0.152 Thread 0x00000150413ed760 Thread added: 0x00000150413ed760
Event: 0.152 Thread 0x000001504143b050 Thread added: 0x000001504143b050
Event: 0.154 Thread 0x000001504141b0d0 Thread added: 0x000001504141b0d0
Event: 0.154 Thread 0x0000015041424dd0 Thread added: 0x0000015041424dd0
Event: 0.154 Thread 0x0000015041427fe0 Thread added: 0x0000015041427fe0
Event: 0.154 Thread 0x00000150414291e0 Thread added: 0x00000150414291e0
Event: 0.154 Thread 0x000001504142a710 Thread added: 0x000001504142a710
Event: 0.154 Thread 0x0000015041441b50 Thread added: 0x0000015041441b50
Event: 0.220 Thread 0x00000150415e4de0 Thread added: 0x00000150415e4de0
Event: 0.233 Thread 0x00000150415ea290 Thread added: 0x00000150415ea290
Event: 0.252 Loaded shared library C:\Users\Mira\AppData\Local\Programs\IntelliJ IDEA Ultimate\jbr\bin\net.dll
Event: 0.257 Loaded shared library C:\Users\Mira\AppData\Local\Programs\IntelliJ IDEA Ultimate\jbr\bin\nio.dll
Event: 0.277 Loaded shared library C:\Users\Mira\AppData\Local\Programs\IntelliJ IDEA Ultimate\jbr\bin\zip.dll


Dynamic libraries:
0x00007ff77cf80000 - 0x00007ff77cf8a000 	C:\Users\Mira\AppData\Local\Programs\IntelliJ IDEA Ultimate\jbr\bin\java.exe
0x00007ffd0b330000 - 0x00007ffd0b547000 	C:\WINDOWS\SYSTEM32\ntdll.dll
0x00007ffd09010000 - 0x00007ffd090d4000 	C:\WINDOWS\System32\KERNEL32.DLL
0x00007ffd08bf0000 - 0x00007ffd08fc3000 	C:\WINDOWS\System32\KERNELBASE.dll
0x00007ffd08770000 - 0x00007ffd08881000 	C:\WINDOWS\System32\ucrtbase.dll
0x00007ffcf7e60000 - 0x00007ffcf7e78000 	C:\Users\Mira\AppData\Local\Programs\IntelliJ IDEA Ultimate\jbr\bin\jli.dll
0x00007ffce6970000 - 0x00007ffce698b000 	C:\Users\Mira\AppData\Local\Programs\IntelliJ IDEA Ultimate\jbr\bin\VCRUNTIME140.dll
0x00007ffd0acc0000 - 0x00007ffd0ae71000 	C:\WINDOWS\System32\USER32.dll
0x00007ffcf2cf0000 - 0x00007ffcf2f88000 	C:\WINDOWS\WinSxS\amd64_microsoft.windows.common-controls_6595b64144ccf1df_6.0.22621.5124_none_270e8f4f7386d69d\COMCTL32.dll
0x00007ffd08890000 - 0x00007ffd088b6000 	C:\WINDOWS\System32\win32u.dll
0x00007ffd0ae80000 - 0x00007ffd0af27000 	C:\WINDOWS\System32\msvcrt.dll
0x00007ffd0aab0000 - 0x00007ffd0aad9000 	C:\WINDOWS\System32\GDI32.dll
0x00007ffd08960000 - 0x00007ffd08a7b000 	C:\WINDOWS\System32\gdi32full.dll
0x00007ffd088c0000 - 0x00007ffd0895a000 	C:\WINDOWS\System32\msvcp_win.dll
0x00007ffd08fd0000 - 0x00007ffd09001000 	C:\WINDOWS\System32\IMM32.DLL
0x00007ffcc1e00000 - 0x00007ffcc1e0c000 	C:\Users\Mira\AppData\Local\Programs\IntelliJ IDEA Ultimate\jbr\bin\vcruntime140_1.dll
0x00007ffcf7c70000 - 0x00007ffcf7cfd000 	C:\Users\Mira\AppData\Local\Programs\IntelliJ IDEA Ultimate\jbr\bin\msvcp140.dll
0x00007ffc8b570000 - 0x00007ffc8c322000 	C:\Users\Mira\AppData\Local\Programs\IntelliJ IDEA Ultimate\jbr\bin\server\jvm.dll
0x00007ffd0a1f0000 - 0x00007ffd0a2a1000 	C:\WINDOWS\System32\ADVAPI32.dll
0x00007ffd09b40000 - 0x00007ffd09be8000 	C:\WINDOWS\System32\sechost.dll
0x00007ffd086c0000 - 0x00007ffd086e8000 	C:\WINDOWS\System32\bcrypt.dll
0x00007ffd0aae0000 - 0x00007ffd0abf4000 	C:\WINDOWS\System32\RPCRT4.dll
0x00007ffd09e70000 - 0x00007ffd09ee1000 	C:\WINDOWS\System32\WS2_32.dll
0x00007ffd08310000 - 0x00007ffd0835d000 	C:\WINDOWS\SYSTEM32\POWRPROF.dll
0x00007ffd02e20000 - 0x00007ffd02e54000 	C:\WINDOWS\SYSTEM32\WINMM.dll
0x00007ffcff550000 - 0x00007ffcff55a000 	C:\WINDOWS\SYSTEM32\VERSION.dll
0x00007ffd082f0000 - 0x00007ffd08303000 	C:\WINDOWS\SYSTEM32\UMPDC.dll
0x00007ffd07430000 - 0x00007ffd07448000 	C:\WINDOWS\SYSTEM32\kernel.appcore.dll
0x00007ffc8ff80000 - 0x00007ffc8ff8a000 	C:\Users\Mira\AppData\Local\Programs\IntelliJ IDEA Ultimate\jbr\bin\jimage.dll
0x00007ffd002e0000 - 0x00007ffd00512000 	C:\WINDOWS\SYSTEM32\DBGHELP.DLL
0x00007ffd0af30000 - 0x00007ffd0b2c2000 	C:\WINDOWS\System32\combase.dll
0x00007ffd0a9d0000 - 0x00007ffd0aaa7000 	C:\WINDOWS\System32\OLEAUT32.dll
0x00007ffcf1810000 - 0x00007ffcf1842000 	C:\WINDOWS\SYSTEM32\dbgcore.DLL
0x00007ffd086f0000 - 0x00007ffd0876b000 	C:\WINDOWS\System32\bcryptPrimitives.dll
0x00007ffc8faa0000 - 0x00007ffc8fabf000 	C:\Users\Mira\AppData\Local\Programs\IntelliJ IDEA Ultimate\jbr\bin\java.dll
0x00007ffc8d0b0000 - 0x00007ffc8d0c8000 	C:\Users\Mira\AppData\Local\Programs\IntelliJ IDEA Ultimate\jbr\bin\zip.dll
0x00007ffd092a0000 - 0x00007ffd09b36000 	C:\WINDOWS\System32\SHELL32.dll
0x00007ffd08580000 - 0x00007ffd086bf000 	C:\WINDOWS\System32\wintypes.dll
0x00007ffd06310000 - 0x00007ffd06c2a000 	C:\WINDOWS\SYSTEM32\windows.storage.dll
0x00007ffd0a3c0000 - 0x00007ffd0a4ca000 	C:\WINDOWS\System32\SHCORE.dll
0x00007ffd09e00000 - 0x00007ffd09e63000 	C:\WINDOWS\System32\shlwapi.dll
0x00007ffd08370000 - 0x00007ffd0839b000 	C:\WINDOWS\SYSTEM32\profapi.dll
0x00007ffc8fc70000 - 0x00007ffc8fc80000 	C:\Users\Mira\AppData\Local\Programs\IntelliJ IDEA Ultimate\jbr\bin\net.dll
0x00007ffd02c40000 - 0x00007ffd02d6c000 	C:\WINDOWS\SYSTEM32\WINHTTP.dll
0x00007ffd078a0000 - 0x00007ffd0790a000 	C:\WINDOWS\system32\mswsock.dll
0x00007ffc8cfb0000 - 0x00007ffc8cfc6000 	C:\Users\Mira\AppData\Local\Programs\IntelliJ IDEA Ultimate\jbr\bin\nio.dll

dbghelp: loaded successfully - version: 4.0.5 - missing functions: none
symbol engine: initialized successfully - sym options: 0x614 - pdb path: .;C:\Users\Mira\AppData\Local\Programs\IntelliJ IDEA Ultimate\jbr\bin;C:\WINDOWS\SYSTEM32;C:\WINDOWS\WinSxS\amd64_microsoft.windows.common-controls_6595b64144ccf1df_6.0.22621.5124_none_270e8f4f7386d69d;C:\Users\Mira\AppData\Local\Programs\IntelliJ IDEA Ultimate\jbr\bin\server

VM Arguments:
java_command: git4idea.http.GitAskPassApp Username for 'https://gitlab.com': 
java_class_path (initial): C:/Users/Mira/AppData/Local/Programs/IntelliJ IDEA Ultimate/plugins/vcs-git/lib/git4idea-rt.jar;C:/Users/Mira/AppData/Local/Programs/IntelliJ IDEA Ultimate/lib/externalProcess-rt.jar
Launcher Type: SUN_STANDARD

[Global flags]
     intx CICompilerCount                          = 4                                         {product} {ergonomic}
     uint ConcGCThreads                            = 2                                         {product} {ergonomic}
     uint G1ConcRefinementThreads                  = 8                                         {product} {ergonomic}
   size_t G1HeapRegionSize                         = 4194304                                   {product} {ergonomic}
    uintx GCDrainStackTargetSize                   = 64                                        {product} {ergonomic}
   size_t InitialHeapSize                          = 301989888                                 {product} {ergonomic}
   size_t MarkStackSize                            = 4194304                                   {product} {ergonomic}
   size_t MaxHeapSize                              = 4802478080                                {product} {ergonomic}
   size_t MaxNewSize                               = 2881486848                                {product} {ergonomic}
   size_t MinHeapDeltaBytes                        = 4194304                                   {product} {ergonomic}
   size_t MinHeapSize                              = 8388608                                   {product} {ergonomic}
    uintx NonNMethodCodeHeapSize                   = 5839372                                {pd product} {ergonomic}
    uintx NonProfiledCodeHeapSize                  = 122909434                              {pd product} {ergonomic}
    uintx ProfiledCodeHeapSize                     = 122909434                              {pd product} {ergonomic}
    uintx ReservedCodeCacheSize                    = 251658240                              {pd product} {ergonomic}
     bool SegmentedCodeCache                       = true                                      {product} {ergonomic}
   size_t SoftMaxHeapSize                          = 4802478080                             {manageable} {ergonomic}
     bool UseCompressedOops                        = true                           {product lp64_product} {ergonomic}
     bool UseG1GC                                  = true                                      {product} {ergonomic}
     bool UseLargePagesIndividualAllocation        = false                                  {pd product} {ergonomic}

Logging:
Log output configuration:
 #0: stdout all=warning uptime,level,tags foldmultilines=false
 #1: stderr all=off uptime,level,tags foldmultilines=false

Environment Variables:
PATH=C:/Program Files/Git/mingw64/libexec/git-core;C:/Program Files/Git/mingw64/libexec/git-core;C:\Program Files\Git\mingw64\bin;C:\Program Files\Git\usr\bin;C:\Users\Mira\bin;C:\Program Files (x86)\Common Files\Oracle\Java\java8path;C:\Program Files (x86)\Common Files\Oracle\Java\javapath;C:\WINDOWS\system32;C:\WINDOWS;C:\WINDOWS\System32\Wbem;C:\WINDOWS\System32\WindowsPowerShell\v1.0\;C:\WINDOWS\System32\OpenSSH\;C:\Program Files\Git\cmd;C:\Program Files\PostgreSQL\17\bin;C:\Users\Mira\AppData\Local\Programs\Python\Python312\Scripts\;C:\Users\Mira\AppData\Local\Programs\Python\Python312\;C:\Users\Mira\AppData\Local\Programs\Python\Launcher\;C:\Users\Mira\AppData\Local\Microsoft\WindowsApps;C:\Users\Mira\AppData\Local\JetBrains\Toolbox\scripts;C:\Users\Mira\AppData\Local\Microsoft\WindowsApps;C:\Users\Mira\AppData\Local\GitHubDesktop\bin;C:\Users\Mira\AppData\Local\Programs\Microsoft VS Code\bin
USERNAME=Mira
DISPLAY=:0.0
LC_ALL=en_US.UTF-8
TERM=xterm-256color
TMPDIR=C:\Users\Mira\AppData\Local\Temp
OS=Windows_NT
PROCESSOR_IDENTIFIER=AMD64 Family 23 Model 24 Stepping 1, AuthenticAMD
TMP=C:\Users\Mira\AppData\Local\Temp
TEMP=C:\Users\Mira\AppData\Local\Temp




Periodic native trim disabled

JNI global refs:
JNI global refs: 8, weak refs: 0

JNI global refs memory usage: 835, weak refs: 201

Process memory usage:
Resident Set Size: 33704K (0% of 18747656K total physical memory with 5378296K free physical memory)

OOME stack traces (most recent first):
Classloader memory used:
Loader bootstrap                                                                       : 5481K
Loader jdk.internal.loader.ClassLoaders$AppClassLoader                                 : 0B

---------------  S Y S T E M  ---------------

OS:
 Windows 11 , 64 bit Build 22621 (10.0.22621.5124)
OS uptime: 1 days 2:35 hours
Hyper-V role detected

CPU: total 8 (initial active 8) (8 cores per cpu, 2 threads per core) family 23 model 24 stepping 1 microcode 0x0, cx8, cmov, fxsr, ht, mmx, 3dnowpref, sse, sse2, sse3, ssse3, sse4a, sse4.1, sse4.2, popcnt, lzcnt, tsc, tscinvbit, avx, avx2, aes, clmul, bmi1, bmi2, adx, sha, fma, vzeroupper, clflush, clflushopt, hv, rdtscp, f16c
Processor Information for all 8 processors :
  Max Mhz: 2100, Current Mhz: 2100, Mhz Limit: 2100

Memory: 4k page, system-wide physical 18308M (5252M free)
TotalPageFile size 22404M (AvailPageFile size 2M)
current process WorkingSet (physical memory assigned to process): 32M, peak: 32M
current process commit charge ("private bytes"): 365M, peak: 366M

vm_info: OpenJDK 64-Bit Server VM (21.0.3+13-b509.11) for windows-amd64 JRE (21.0.3+13-b509.11), built on 2024-08-12 by "builduser" with MS VC++ 16.10 / 16.11 (VS2019)

END.
