#
# There is insufficient memory for the Java Runtime Environment to continue.
# Native memory allocation (mmap) failed to map 65536 bytes. Error detail: Failed to commit metaspace.
# Possible reasons:
#   The system is out of physical RAM or swap space
#   This process is running with CompressedOops enabled, and the Java Heap may be blocking the growth of the native heap
# Possible solutions:
#   Reduce memory load on the system
#   Increase physical memory or swap space
#   Check if swap backing store is full
#   Decrease Java heap size (-Xmx/-Xms)
#   Decrease number of Java threads
#   Decrease Java thread stack sizes (-Xss)
#   Set larger code cache with -XX:ReservedCodeCacheSize=
#   JVM is running with Zero Based Compressed Oops mode in which the Java heap is
#     placed in the first 32GB address space. The Java Heap base address is the
#     maximum limit for the native heap growth. Please use -XX:HeapBaseMinAddress
#     to set the Java Heap base and to place the Java Heap above 32GB virtual address.
# This output file may be truncated or incomplete.
#
#  Out of Memory Error (virtualSpaceNode.cpp:112), pid=4028, tid=19684
#
# JRE version: OpenJDK Runtime Environment JBR-21.0.3+13-509.11-jcef (21.0.3+13) (build 21.0.3+13-b509.11)
# Java VM: OpenJDK 64-Bit Server VM JBR-21.0.3+13-509.11-jcef (21.0.3+13-b509.11, mixed mode, tiered, compressed oops, compressed class ptrs, g1 gc, windows-amd64)
# No core dump will be written. Minidumps are not enabled by default on client versions of Windows
#

---------------  S U M M A R Y ------------

Command Line: git4idea.http.GitAskPassApp Username for 'https://gitlab.com': 

Host: AMD Ryzen 5 3500U with Radeon Vega Mobile Gfx  , 8 cores, 17G,  Windows 11 , 64 bit Build 22621 (10.0.22621.5124)
Time: Thu May  1 11:45:39 2025 W. Europe Summer Time elapsed time: 1.141463 seconds (0d 0h 0m 1s)

---------------  T H R E A D  ---------------

Current thread (0x000002c94121f4b0):  JavaThread "main"             [_thread_in_vm, id=19684, stack(0x000000fb43200000,0x000000fb43300000) (1024K)]

Stack: [0x000000fb43200000,0x000000fb43300000]
Native frames: (J=compiled Java code, j=interpreted, Vv=VM code, C=native code)
V  [jvm.dll+0x6e02f9]
V  [jvm.dll+0x8bd383]
V  [jvm.dll+0x8bf8de]
V  [jvm.dll+0x8bffc3]
V  [jvm.dll+0x2879c6]
V  [jvm.dll+0x8b81ce]
V  [jvm.dll+0x6819a5]
V  [jvm.dll+0x1ea531]
V  [jvm.dll+0x1ea2fe]
V  [jvm.dll+0x6842b8]
V  [jvm.dll+0x6840f2]
V  [jvm.dll+0x68235e]
V  [jvm.dll+0x3c893f]
V  [jvm.dll+0x2148db]
V  [jvm.dll+0x5bfb6f]
V  [jvm.dll+0x835122]
V  [jvm.dll+0x835074]
V  [jvm.dll+0x47c34f]
V  [jvm.dll+0x48f8c6]
C  [java.dll+0x1657]

Java frames: (J=compiled Java code, j=interpreted, Vv=VM code)
j  java.lang.ClassLoader.defineClass0(Ljava/lang/ClassLoader;Ljava/lang/Class;Ljava/lang/String;[BIILjava/security/ProtectionDomain;ZILjava/lang/Object;)Ljava/lang/Class;+0 java.base@21.0.3
j  java.lang.System$2.defineClass(Ljava/lang/ClassLoader;Ljava/lang/Class;Ljava/lang/String;[BLjava/security/ProtectionDomain;ZILjava/lang/Object;)Ljava/lang/Class;+17 java.base@21.0.3
j  java.lang.invoke.MethodHandles$Lookup$ClassDefiner.defineClass(ZLjava/lang/Object;)Ljava/lang/Class;+57 java.base@21.0.3
j  java.lang.invoke.InnerClassLambdaMetafactory.generateInnerClass()Ljava/lang/Class;+490 java.base@21.0.3
j  java.lang.invoke.InnerClassLambdaMetafactory.spinInnerClass()Ljava/lang/Class;+114 java.base@21.0.3
j  java.lang.invoke.InnerClassLambdaMetafactory.buildCallSite()Ljava/lang/invoke/CallSite;+1 java.base@21.0.3
j  java.lang.invoke.LambdaMetafactory.metafactory(Ljava/lang/invoke/MethodHandles$Lookup;Ljava/lang/String;Ljava/lang/invoke/MethodType;Ljava/lang/invoke/MethodType;Ljava/lang/invoke/MethodHandle;Ljava/lang/invoke/MethodType;)Ljava/lang/invoke/CallSite;+67 java.base@21.0.3
j  java.lang.invoke.DirectMethodHandle$Holder.invokeStatic(Ljava/lang/Object;Ljava/lang/Object;Ljava/lang/Object;Ljava/lang/Object;Ljava/lang/Object;Ljava/lang/Object;Ljava/lang/Object;)Ljava/lang/Object;+20 java.base@21.0.3
j  java.lang.invoke.Invokers$Holder.invokeExact_MT(Ljava/lang/Object;Ljava/lang/Object;Ljava/lang/Object;Ljava/lang/Object;Ljava/lang/Object;Ljava/lang/Object;Ljava/lang/Object;Ljava/lang/Object;)Ljava/lang/Object;+28 java.base@21.0.3
j  java.lang.invoke.BootstrapMethodInvoker.invoke(Ljava/lang/Class;Ljava/lang/invoke/MethodHandle;Ljava/lang/String;Ljava/lang/Object;Ljava/lang/Object;Ljava/lang/Class;)Ljava/lang/Object;+319 java.base@21.0.3
j  java.lang.invoke.CallSite.makeSite(Ljava/lang/invoke/MethodHandle;Ljava/lang/String;Ljava/lang/invoke/MethodType;Ljava/lang/Object;Ljava/lang/Class;)Ljava/lang/invoke/CallSite;+8 java.base@21.0.3
j  java.lang.invoke.MethodHandleNatives.linkCallSiteImpl(Ljava/lang/Class;Ljava/lang/invoke/MethodHandle;Ljava/lang/String;Ljava/lang/invoke/MethodType;Ljava/lang/Object;[Ljava/lang/Object;)Ljava/lang/invoke/MemberName;+6 java.base@21.0.3
j  java.lang.invoke.MethodHandleNatives.linkCallSite(Ljava/lang/Object;Ljava/lang/Object;Ljava/lang/Object;Ljava/lang/Object;Ljava/lang/Object;[Ljava/lang/Object;)Ljava/lang/invoke/MemberName;+45 java.base@21.0.3
v  ~StubRoutines::call_stub 0x000002c94e87100d
j  java.util.function.Function.identity()Ljava/util/function/Function;+0 java.base@21.0.3
j  jdk.internal.net.http.Exchange.checkCancelled(Ljava/util/concurrent/CompletableFuture;Ljdk/internal/net/http/HttpConnection;)Ljava/util/concurrent/CompletableFuture;+12 java.net.http@21.0.3
j  jdk.internal.net.http.PlainHttpConnection.connectAsync(Ljdk/internal/net/http/Exchange;)Ljava/util/concurrent/CompletableFuture;+409 java.net.http@21.0.3
j  jdk.internal.net.http.AsyncSSLConnection.connectAsync(Ljdk/internal/net/http/Exchange;)Ljava/util/concurrent/CompletableFuture;+5 java.net.http@21.0.3
j  jdk.internal.net.http.Http2Connection.createAsync(Ljdk/internal/net/http/HttpRequestImpl;Ljdk/internal/net/http/Http2ClientImpl;Ljdk/internal/net/http/Exchange;)Ljava/util/concurrent/CompletableFuture;+50 java.net.http@21.0.3
j  jdk.internal.net.http.Http2ClientImpl.getConnectionFor(Ljdk/internal/net/http/HttpRequestImpl;Ljdk/internal/net/http/Exchange;)Ljava/util/concurrent/CompletableFuture;+239 java.net.http@21.0.3
j  jdk.internal.net.http.ExchangeImpl.get(Ljdk/internal/net/http/Exchange;Ljdk/internal/net/http/HttpConnection;)Ljava/util/concurrent/CompletableFuture;+53 java.net.http@21.0.3
j  jdk.internal.net.http.Exchange.establishExchange(Ljdk/internal/net/http/HttpConnection;)Ljava/util/concurrent/CompletableFuture;+103 java.net.http@21.0.3
j  jdk.internal.net.http.Exchange.responseAsyncImpl0(Ljdk/internal/net/http/HttpConnection;)Ljava/util/concurrent/CompletableFuture;+65 java.net.http@21.0.3
j  jdk.internal.net.http.Exchange.responseAsyncImpl(Ljdk/internal/net/http/HttpConnection;)Ljava/util/concurrent/CompletableFuture;+16 java.net.http@21.0.3
j  jdk.internal.net.http.Exchange.responseAsync()Ljava/util/concurrent/CompletableFuture;+2 java.net.http@21.0.3
j  jdk.internal.net.http.MultiExchange.responseAsyncImpl()Ljava/util/concurrent/CompletableFuture;+100 java.net.http@21.0.3
j  jdk.internal.net.http.MultiExchange.lambda$responseAsync0$2(Ljava/lang/Void;)Ljava/util/concurrent/CompletionStage;+1 java.net.http@21.0.3
j  jdk.internal.net.http.MultiExchange$$Lambda+0x000000080015dd70.apply(Ljava/lang/Object;)Ljava/lang/Object;+8 java.net.http@21.0.3
j  java.util.concurrent.CompletableFuture$UniCompose.tryFire(I)Ljava/util/concurrent/CompletableFuture;+105 java.base@21.0.3
j  java.util.concurrent.CompletableFuture.postComplete()V+76 java.base@21.0.3
j  java.util.concurrent.CompletableFuture$AsyncSupply.run()V+57 java.base@21.0.3
j  jdk.internal.net.http.HttpClientImpl$DelegatingExecutor.execute(Ljava/lang/Runnable;)V+21 java.net.http@21.0.3
j  java.util.concurrent.CompletableFuture.completeAsync(Ljava/util/function/Supplier;Ljava/util/concurrent/Executor;)Ljava/util/concurrent/CompletableFuture;+26 java.base@21.0.3
j  jdk.internal.net.http.MultiExchange.responseAsync(Ljava/util/concurrent/Executor;)Ljava/util/concurrent/CompletableFuture;+29 java.net.http@21.0.3
j  jdk.internal.net.http.HttpClientImpl.sendAsync(Ljava/net/http/HttpRequest;Ljava/net/http/HttpResponse$BodyHandler;Ljava/net/http/HttpResponse$PushPromiseHandler;Ljava/util/concurrent/Executor;)Ljava/util/concurrent/CompletableFuture;+246 java.net.http@21.0.3
j  jdk.internal.net.http.HttpClientImpl.send(Ljava/net/http/HttpRequest;Ljava/net/http/HttpResponse$BodyHandler;)Ljava/net/http/HttpResponse;+21 java.net.http@21.0.3
j  jdk.internal.net.http.HttpClientFacade.send(Ljava/net/http/HttpRequest;Ljava/net/http/HttpResponse$BodyHandler;)Ljava/net/http/HttpResponse;+6 java.net.http@21.0.3
j  externalApp.ExternalAppUtil.sendIdeRequest(Ljava/lang/String;ILjava/lang/String;Ljava/lang/String;)LexternalApp/ExternalAppUtil$Result;+168
j  git4idea.http.GitAskPassApp.main([Ljava/lang/String;)V+37
v  ~StubRoutines::call_stub 0x000002c94e87100d

---------------  P R O C E S S  ---------------

Threads class SMR info:
_java_thread_list=0x000002c96378fdd0, length=12, elements={
0x000002c94121f4b0, 0x000002c963037210, 0x000002c963039c80, 0x000002c96305d290,
0x000002c96305dcf0, 0x000002c96305e900, 0x000002c96305f510, 0x000002c963044420,
0x000002c963067cc0, 0x000002c9631fc3d0, 0x000002c963202a60, 0x000002c9637c8230
}

Java Threads: ( => current thread )
=>0x000002c94121f4b0 JavaThread "main"                              [_thread_in_vm, id=19684, stack(0x000000fb43200000,0x000000fb43300000) (1024K)]
  0x000002c963037210 JavaThread "Reference Handler"          daemon [_thread_blocked, id=24192, stack(0x000000fb43a00000,0x000000fb43b00000) (1024K)]
  0x000002c963039c80 JavaThread "Finalizer"                  daemon [_thread_blocked, id=18884, stack(0x000000fb43b00000,0x000000fb43c00000) (1024K)]
  0x000002c96305d290 JavaThread "Signal Dispatcher"          daemon [_thread_blocked, id=22096, stack(0x000000fb43c00000,0x000000fb43d00000) (1024K)]
  0x000002c96305dcf0 JavaThread "Attach Listener"            daemon [_thread_blocked, id=14460, stack(0x000000fb43d00000,0x000000fb43e00000) (1024K)]
  0x000002c96305e900 JavaThread "Service Thread"             daemon [_thread_blocked, id=18604, stack(0x000000fb43e00000,0x000000fb43f00000) (1024K)]
  0x000002c96305f510 JavaThread "Monitor Deflation Thread"   daemon [_thread_blocked, id=6984, stack(0x000000fb43f00000,0x000000fb44000000) (1024K)]
  0x000002c963044420 JavaThread "C2 CompilerThread0"         daemon [_thread_blocked, id=14552, stack(0x000000fb44000000,0x000000fb44100000) (1024K)]
  0x000002c963067cc0 JavaThread "C1 CompilerThread0"         daemon [_thread_blocked, id=21460, stack(0x000000fb44100000,0x000000fb44200000) (1024K)]
  0x000002c9631fc3d0 JavaThread "Notification Thread"        daemon [_thread_blocked, id=6608, stack(0x000000fb44200000,0x000000fb44300000) (1024K)]
  0x000002c963202a60 JavaThread "Common-Cleaner"             daemon [_thread_blocked, id=22564, stack(0x000000fb44300000,0x000000fb44400000) (1024K)]
  0x000002c9637c8230 JavaThread "HttpClient-1-SelectorManager" daemon [_thread_in_vm, id=21048, stack(0x000000fb44400000,0x000000fb44500000) (1024K)]
Total: 12

Other Threads:
  0x000002c95ea22ab0 VMThread "VM Thread"                           [id=23064, stack(0x000000fb43900000,0x000000fb43a00000) (1024K)]
  0x000002c95e9d52c0 WatcherThread "VM Periodic Task Thread"        [id=15432, stack(0x000000fb43800000,0x000000fb43900000) (1024K)]
  0x000002c943491d30 WorkerThread "GC Thread#0"                     [id=22464, stack(0x000000fb43300000,0x000000fb43400000) (1024K)]
  0x000002c94349bdd0 ConcurrentGCThread "G1 Main Marker"            [id=16272, stack(0x000000fb43400000,0x000000fb43500000) (1024K)]
  0x000002c94349c8d0 WorkerThread "G1 Conc#0"                       [id=15436, stack(0x000000fb43500000,0x000000fb43600000) (1024K)]
  0x000002c9434e7440 ConcurrentGCThread "G1 Refine#0"               [id=20232, stack(0x000000fb43600000,0x000000fb43700000) (1024K)]
  0x000002c95e8b10b0 ConcurrentGCThread "G1 Service"                [id=920, stack(0x000000fb43700000,0x000000fb43800000) (1024K)]
Total: 7

Threads with active compile tasks:
Total: 0

VM state: not at safepoint (normal execution)

VM Mutex/Monitor currently owned by a thread:  ([mutex/lock_event])
[0x00007ff9370af558] Metaspace_lock - owner thread: 0x000002c94121f4b0

Heap address: 0x00000006e1c00000, size: 4580 MB, Compressed Oops mode: Zero based, Oop shift amount: 3

CDS archive(s) not mapped
Compressed class space mapped at: 0x0000000800000000-0x0000000840000000, reserved size: 1073741824
Narrow klass base: 0x0000000800000000, Narrow klass shift: 0, Narrow klass range: 0x40000000

GC Precious Log:
 CardTable entry size: 512
 Card Set container configuration: InlinePtr #cards 4 size 8 Array Of Cards #cards 32 size 80 Howl #buckets 8 coarsen threshold 7372 Howl Bitmap #cards 1024 size 144 coarsen threshold 921 Card regions per heap region 1 cards per card region 8192
 CPUs: 8 total, 8 available
 Memory: 18308M
 Large Page Support: Disabled
 NUMA Support: Disabled
 Compressed Oops: Enabled (Zero based)
 Heap Region Size: 4M
 Heap Min Capacity: 8M
 Heap Initial Capacity: 288M
 Heap Max Capacity: 4580M
 Pre-touch: Disabled
 Parallel Workers: 8
 Concurrent Workers: 2
 Concurrent Refinement Workers: 8
 Periodic GC: Disabled

Heap:
 garbage-first heap   total 294912K, used 8192K [0x00000006e1c00000, 0x0000000800000000)
  region size 4096K, 3 young (12288K), 0 survivors (0K)
 Metaspace       used 15156K, committed 15360K, reserved 1114112K
  class space    used 1424K, committed 1472K, reserved 1048576K

Heap Regions: E=young(eden), S=young(survivor), O=old, HS=humongous(starts), HC=humongous(continues), CS=collection set, F=free, TAMS=top-at-mark-start, PB=parsable bottom
|   0|0x00000006e1c00000, 0x00000006e1c00000, 0x00000006e2000000|  0%| F|  |TAMS 0x00000006e1c00000| PB 0x00000006e1c00000| Untracked 
|   1|0x00000006e2000000, 0x00000006e2000000, 0x00000006e2400000|  0%| F|  |TAMS 0x00000006e2000000| PB 0x00000006e2000000| Untracked 
|   2|0x00000006e2400000, 0x00000006e2400000, 0x00000006e2800000|  0%| F|  |TAMS 0x00000006e2400000| PB 0x00000006e2400000| Untracked 
|   3|0x00000006e2800000, 0x00000006e2800000, 0x00000006e2c00000|  0%| F|  |TAMS 0x00000006e2800000| PB 0x00000006e2800000| Untracked 
|   4|0x00000006e2c00000, 0x00000006e2c00000, 0x00000006e3000000|  0%| F|  |TAMS 0x00000006e2c00000| PB 0x00000006e2c00000| Untracked 
|   5|0x00000006e3000000, 0x00000006e3000000, 0x00000006e3400000|  0%| F|  |TAMS 0x00000006e3000000| PB 0x00000006e3000000| Untracked 
|   6|0x00000006e3400000, 0x00000006e3400000, 0x00000006e3800000|  0%| F|  |TAMS 0x00000006e3400000| PB 0x00000006e3400000| Untracked 
|   7|0x00000006e3800000, 0x00000006e3800000, 0x00000006e3c00000|  0%| F|  |TAMS 0x00000006e3800000| PB 0x00000006e3800000| Untracked 
|   8|0x00000006e3c00000, 0x00000006e3c00000, 0x00000006e4000000|  0%| F|  |TAMS 0x00000006e3c00000| PB 0x00000006e3c00000| Untracked 
|   9|0x00000006e4000000, 0x00000006e4000000, 0x00000006e4400000|  0%| F|  |TAMS 0x00000006e4000000| PB 0x00000006e4000000| Untracked 
|  10|0x00000006e4400000, 0x00000006e4400000, 0x00000006e4800000|  0%| F|  |TAMS 0x00000006e4400000| PB 0x00000006e4400000| Untracked 
|  11|0x00000006e4800000, 0x00000006e4800000, 0x00000006e4c00000|  0%| F|  |TAMS 0x00000006e4800000| PB 0x00000006e4800000| Untracked 
|  12|0x00000006e4c00000, 0x00000006e4c00000, 0x00000006e5000000|  0%| F|  |TAMS 0x00000006e4c00000| PB 0x00000006e4c00000| Untracked 
|  13|0x00000006e5000000, 0x00000006e5000000, 0x00000006e5400000|  0%| F|  |TAMS 0x00000006e5000000| PB 0x00000006e5000000| Untracked 
|  14|0x00000006e5400000, 0x00000006e5400000, 0x00000006e5800000|  0%| F|  |TAMS 0x00000006e5400000| PB 0x00000006e5400000| Untracked 
|  15|0x00000006e5800000, 0x00000006e5800000, 0x00000006e5c00000|  0%| F|  |TAMS 0x00000006e5800000| PB 0x00000006e5800000| Untracked 
|  16|0x00000006e5c00000, 0x00000006e5c00000, 0x00000006e6000000|  0%| F|  |TAMS 0x00000006e5c00000| PB 0x00000006e5c00000| Untracked 
|  17|0x00000006e6000000, 0x00000006e6000000, 0x00000006e6400000|  0%| F|  |TAMS 0x00000006e6000000| PB 0x00000006e6000000| Untracked 
|  18|0x00000006e6400000, 0x00000006e6400000, 0x00000006e6800000|  0%| F|  |TAMS 0x00000006e6400000| PB 0x00000006e6400000| Untracked 
|  19|0x00000006e6800000, 0x00000006e6800000, 0x00000006e6c00000|  0%| F|  |TAMS 0x00000006e6800000| PB 0x00000006e6800000| Untracked 
|  20|0x00000006e6c00000, 0x00000006e6c00000, 0x00000006e7000000|  0%| F|  |TAMS 0x00000006e6c00000| PB 0x00000006e6c00000| Untracked 
|  21|0x00000006e7000000, 0x00000006e7000000, 0x00000006e7400000|  0%| F|  |TAMS 0x00000006e7000000| PB 0x00000006e7000000| Untracked 
|  22|0x00000006e7400000, 0x00000006e7400000, 0x00000006e7800000|  0%| F|  |TAMS 0x00000006e7400000| PB 0x00000006e7400000| Untracked 
|  23|0x00000006e7800000, 0x00000006e7800000, 0x00000006e7c00000|  0%| F|  |TAMS 0x00000006e7800000| PB 0x00000006e7800000| Untracked 
|  24|0x00000006e7c00000, 0x00000006e7c00000, 0x00000006e8000000|  0%| F|  |TAMS 0x00000006e7c00000| PB 0x00000006e7c00000| Untracked 
|  25|0x00000006e8000000, 0x00000006e8000000, 0x00000006e8400000|  0%| F|  |TAMS 0x00000006e8000000| PB 0x00000006e8000000| Untracked 
|  26|0x00000006e8400000, 0x00000006e8400000, 0x00000006e8800000|  0%| F|  |TAMS 0x00000006e8400000| PB 0x00000006e8400000| Untracked 
|  27|0x00000006e8800000, 0x00000006e8800000, 0x00000006e8c00000|  0%| F|  |TAMS 0x00000006e8800000| PB 0x00000006e8800000| Untracked 
|  28|0x00000006e8c00000, 0x00000006e8c00000, 0x00000006e9000000|  0%| F|  |TAMS 0x00000006e8c00000| PB 0x00000006e8c00000| Untracked 
|  29|0x00000006e9000000, 0x00000006e9000000, 0x00000006e9400000|  0%| F|  |TAMS 0x00000006e9000000| PB 0x00000006e9000000| Untracked 
|  30|0x00000006e9400000, 0x00000006e9400000, 0x00000006e9800000|  0%| F|  |TAMS 0x00000006e9400000| PB 0x00000006e9400000| Untracked 
|  31|0x00000006e9800000, 0x00000006e9800000, 0x00000006e9c00000|  0%| F|  |TAMS 0x00000006e9800000| PB 0x00000006e9800000| Untracked 
|  32|0x00000006e9c00000, 0x00000006e9c00000, 0x00000006ea000000|  0%| F|  |TAMS 0x00000006e9c00000| PB 0x00000006e9c00000| Untracked 
|  33|0x00000006ea000000, 0x00000006ea000000, 0x00000006ea400000|  0%| F|  |TAMS 0x00000006ea000000| PB 0x00000006ea000000| Untracked 
|  34|0x00000006ea400000, 0x00000006ea400000, 0x00000006ea800000|  0%| F|  |TAMS 0x00000006ea400000| PB 0x00000006ea400000| Untracked 
|  35|0x00000006ea800000, 0x00000006ea800000, 0x00000006eac00000|  0%| F|  |TAMS 0x00000006ea800000| PB 0x00000006ea800000| Untracked 
|  36|0x00000006eac00000, 0x00000006eac00000, 0x00000006eb000000|  0%| F|  |TAMS 0x00000006eac00000| PB 0x00000006eac00000| Untracked 
|  37|0x00000006eb000000, 0x00000006eb000000, 0x00000006eb400000|  0%| F|  |TAMS 0x00000006eb000000| PB 0x00000006eb000000| Untracked 
|  38|0x00000006eb400000, 0x00000006eb400000, 0x00000006eb800000|  0%| F|  |TAMS 0x00000006eb400000| PB 0x00000006eb400000| Untracked 
|  39|0x00000006eb800000, 0x00000006eb800000, 0x00000006ebc00000|  0%| F|  |TAMS 0x00000006eb800000| PB 0x00000006eb800000| Untracked 
|  40|0x00000006ebc00000, 0x00000006ebc00000, 0x00000006ec000000|  0%| F|  |TAMS 0x00000006ebc00000| PB 0x00000006ebc00000| Untracked 
|  41|0x00000006ec000000, 0x00000006ec000000, 0x00000006ec400000|  0%| F|  |TAMS 0x00000006ec000000| PB 0x00000006ec000000| Untracked 
|  42|0x00000006ec400000, 0x00000006ec400000, 0x00000006ec800000|  0%| F|  |TAMS 0x00000006ec400000| PB 0x00000006ec400000| Untracked 
|  43|0x00000006ec800000, 0x00000006ec800000, 0x00000006ecc00000|  0%| F|  |TAMS 0x00000006ec800000| PB 0x00000006ec800000| Untracked 
|  44|0x00000006ecc00000, 0x00000006ecc00000, 0x00000006ed000000|  0%| F|  |TAMS 0x00000006ecc00000| PB 0x00000006ecc00000| Untracked 
|  45|0x00000006ed000000, 0x00000006ed000000, 0x00000006ed400000|  0%| F|  |TAMS 0x00000006ed000000| PB 0x00000006ed000000| Untracked 
|  46|0x00000006ed400000, 0x00000006ed400000, 0x00000006ed800000|  0%| F|  |TAMS 0x00000006ed400000| PB 0x00000006ed400000| Untracked 
|  47|0x00000006ed800000, 0x00000006ed800000, 0x00000006edc00000|  0%| F|  |TAMS 0x00000006ed800000| PB 0x00000006ed800000| Untracked 
|  48|0x00000006edc00000, 0x00000006edc00000, 0x00000006ee000000|  0%| F|  |TAMS 0x00000006edc00000| PB 0x00000006edc00000| Untracked 
|  49|0x00000006ee000000, 0x00000006ee000000, 0x00000006ee400000|  0%| F|  |TAMS 0x00000006ee000000| PB 0x00000006ee000000| Untracked 
|  50|0x00000006ee400000, 0x00000006ee400000, 0x00000006ee800000|  0%| F|  |TAMS 0x00000006ee400000| PB 0x00000006ee400000| Untracked 
|  51|0x00000006ee800000, 0x00000006ee800000, 0x00000006eec00000|  0%| F|  |TAMS 0x00000006ee800000| PB 0x00000006ee800000| Untracked 
|  52|0x00000006eec00000, 0x00000006eec00000, 0x00000006ef000000|  0%| F|  |TAMS 0x00000006eec00000| PB 0x00000006eec00000| Untracked 
|  53|0x00000006ef000000, 0x00000006ef000000, 0x00000006ef400000|  0%| F|  |TAMS 0x00000006ef000000| PB 0x00000006ef000000| Untracked 
|  54|0x00000006ef400000, 0x00000006ef400000, 0x00000006ef800000|  0%| F|  |TAMS 0x00000006ef400000| PB 0x00000006ef400000| Untracked 
|  55|0x00000006ef800000, 0x00000006ef800000, 0x00000006efc00000|  0%| F|  |TAMS 0x00000006ef800000| PB 0x00000006ef800000| Untracked 
|  56|0x00000006efc00000, 0x00000006efc00000, 0x00000006f0000000|  0%| F|  |TAMS 0x00000006efc00000| PB 0x00000006efc00000| Untracked 
|  57|0x00000006f0000000, 0x00000006f0000000, 0x00000006f0400000|  0%| F|  |TAMS 0x00000006f0000000| PB 0x00000006f0000000| Untracked 
|  58|0x00000006f0400000, 0x00000006f0400000, 0x00000006f0800000|  0%| F|  |TAMS 0x00000006f0400000| PB 0x00000006f0400000| Untracked 
|  59|0x00000006f0800000, 0x00000006f0800000, 0x00000006f0c00000|  0%| F|  |TAMS 0x00000006f0800000| PB 0x00000006f0800000| Untracked 
|  60|0x00000006f0c00000, 0x00000006f0c00000, 0x00000006f1000000|  0%| F|  |TAMS 0x00000006f0c00000| PB 0x00000006f0c00000| Untracked 
|  61|0x00000006f1000000, 0x00000006f1000000, 0x00000006f1400000|  0%| F|  |TAMS 0x00000006f1000000| PB 0x00000006f1000000| Untracked 
|  62|0x00000006f1400000, 0x00000006f1400000, 0x00000006f1800000|  0%| F|  |TAMS 0x00000006f1400000| PB 0x00000006f1400000| Untracked 
|  63|0x00000006f1800000, 0x00000006f1800000, 0x00000006f1c00000|  0%| F|  |TAMS 0x00000006f1800000| PB 0x00000006f1800000| Untracked 
|  64|0x00000006f1c00000, 0x00000006f1c00000, 0x00000006f2000000|  0%| F|  |TAMS 0x00000006f1c00000| PB 0x00000006f1c00000| Untracked 
|  65|0x00000006f2000000, 0x00000006f2000000, 0x00000006f2400000|  0%| F|  |TAMS 0x00000006f2000000| PB 0x00000006f2000000| Untracked 
|  66|0x00000006f2400000, 0x00000006f2400000, 0x00000006f2800000|  0%| F|  |TAMS 0x00000006f2400000| PB 0x00000006f2400000| Untracked 
|  67|0x00000006f2800000, 0x00000006f2800000, 0x00000006f2c00000|  0%| F|  |TAMS 0x00000006f2800000| PB 0x00000006f2800000| Untracked 
|  68|0x00000006f2c00000, 0x00000006f2c00000, 0x00000006f3000000|  0%| F|  |TAMS 0x00000006f2c00000| PB 0x00000006f2c00000| Untracked 
|  69|0x00000006f3000000, 0x00000006f33f5a98, 0x00000006f3400000| 98%| E|  |TAMS 0x00000006f3000000| PB 0x00000006f3000000| Complete 
|  70|0x00000006f3400000, 0x00000006f3800000, 0x00000006f3800000|100%| E|CS|TAMS 0x00000006f3400000| PB 0x00000006f3400000| Complete 
|  71|0x00000006f3800000, 0x00000006f3c00000, 0x00000006f3c00000|100%| E|CS|TAMS 0x00000006f3800000| PB 0x00000006f3800000| Complete 

Card table byte_map: [0x000002c956f80000,0x000002c957880000] _byte_map_base: 0x000002c953872000

Marking Bits: (CMBitMap*) 0x000002c943492430
 Bits: [0x000002c957880000, 0x000002c95c010000)

Polling page: 0x000002c9413c0000

Metaspace:

Usage:
  Non-class:     13.41 MB used.
      Class:      1.39 MB used.
       Both:     14.80 MB used.

Virtual space:
  Non-class space:       64.00 MB reserved,      13.56 MB ( 21%) committed,  1 nodes.
      Class space:        1.00 GB reserved,       1.44 MB ( <1%) committed,  1 nodes.
             Both:        1.06 GB reserved,      15.00 MB (  1%) committed. 

Chunk freelists:
   Non-Class:  2.30 MB
       Class:  14.50 MB
        Both:  16.80 MB

MaxMetaspaceSize: unlimited
CompressedClassSpaceSize: 1.00 GB
Initial GC threshold: 21.00 MB
Current GC threshold: 21.00 MB
CDS: off
 - commit_granule_bytes: 65536.
 - commit_granule_words: 8192.
 - virtual_space_node_default_size: 8388608.
 - enlarge_chunks_in_place: 1.
 - use_allocation_guard: 0.


Internal statistics:

num_allocs_failed_limit: 0.
num_arena_births: 186.
num_arena_deaths: 0.
num_vsnodes_births: 2.
num_vsnodes_deaths: 0.
num_space_committed: 240.
num_space_uncommitted: 0.
num_chunks_returned_to_freelist: 0.
num_chunks_taken_from_freelist: 321.
num_chunk_merges: 0.
num_chunk_splits: 184.
num_chunks_enlarged: 90.
num_inconsistent_stats: 0.

CodeHeap 'non-profiled nmethods': size=120000Kb used=282Kb max_used=282Kb free=119717Kb
 bounds [0x000002c94ee10000, 0x000002c94f080000, 0x000002c956340000]
CodeHeap 'profiled nmethods': size=120000Kb used=1429Kb max_used=1429Kb free=118571Kb
 bounds [0x000002c947340000, 0x000002c9475b0000, 0x000002c94e870000]
CodeHeap 'non-nmethods': size=5760Kb used=1401Kb max_used=1416Kb free=4358Kb
 bounds [0x000002c94e870000, 0x000002c94eae0000, 0x000002c94ee10000]
 total_blobs=1409 nmethods=913 adapters=401
 compilation: enabled
              stopped_count=0, restarted_count=0
 full_count=0

Compilation events (20 events):
Event: 1.115 Thread 0x000002c963067cc0  900       3       sun.invoke.util.VerifyAccess::isTypeVisible (47 bytes)
Event: 1.115 Thread 0x000002c963067cc0 nmethod 900 0x000002c94749fc10 code [0x000002c94749fe00, 0x000002c9474a0208]
Event: 1.118 Thread 0x000002c963067cc0  901       3       java.util.Optional::<init> (10 bytes)
Event: 1.118 Thread 0x000002c963067cc0 nmethod 901 0x000002c9474a0410 code [0x000002c9474a05c0, 0x000002c9474a0780]
Event: 1.121 Thread 0x000002c963067cc0  902       3       java.lang.invoke.DirectMethodHandle::allocateInstance (16 bytes)
Event: 1.122 Thread 0x000002c963067cc0 nmethod 902 0x000002c9474a0810 code [0x000002c9474a09c0, 0x000002c9474a0be8]
Event: 1.122 Thread 0x000002c963067cc0  903       3       java.lang.invoke.DirectMethodHandle::constructorMethod (10 bytes)
Event: 1.122 Thread 0x000002c963067cc0 nmethod 903 0x000002c9474a0d10 code [0x000002c9474a0ec0, 0x000002c9474a10b0]
Event: 1.123 Thread 0x000002c963067cc0  904       3       java.lang.ref.Reference::refersTo (6 bytes)
Event: 1.123 Thread 0x000002c963067cc0 nmethod 904 0x000002c9474a1190 code [0x000002c9474a1340, 0x000002c9474a1508]
Event: 1.123 Thread 0x000002c963067cc0  905       3       java.lang.ref.Reference::refersToImpl (6 bytes)
Event: 1.123 Thread 0x000002c963067cc0 nmethod 905 0x000002c9474a1590 code [0x000002c9474a1740, 0x000002c9474a1878]
Event: 1.126 Thread 0x000002c963067cc0  907       3       java.lang.invoke.DirectMethodHandle$Constructor::<init> (44 bytes)
Event: 1.127 Thread 0x000002c963067cc0 nmethod 907 0x000002c9474a1910 code [0x000002c9474a1ac0, 0x000002c9474a1cf0]
Event: 1.131 Thread 0x000002c963067cc0  909       3       jdk.internal.loader.BuiltinClassLoader::findLoadedModule (33 bytes)
Event: 1.132 Thread 0x000002c963067cc0 nmethod 909 0x000002c9474a1d90 code [0x000002c9474a1fc0, 0x000002c9474a2608]
Event: 1.135 Thread 0x000002c963067cc0  910       3       java.lang.invoke.MethodHandleNatives::refKindIsMethod (19 bytes)
Event: 1.136 Thread 0x000002c963067cc0 nmethod 910 0x000002c9474a2890 code [0x000002c9474a2a40, 0x000002c9474a2c78]
Event: 1.136 Thread 0x000002c963044420  911       4       jdk.internal.org.objectweb.asm.SymbolTable::put (150 bytes)
Event: 1.136 Thread 0x000002c963067cc0  913       3       java.lang.invoke.MethodHandles$Lookup::in (283 bytes)

GC Heap History (0 events):
No events

Dll operation events (2 events):
Event: 0.017 Loaded shared library C:\Users\Mira\AppData\Local\Programs\IntelliJ IDEA Ultimate\jbr\bin\java.dll
Event: 0.030 Loaded shared library C:\Users\Mira\AppData\Local\Programs\IntelliJ IDEA Ultimate\jbr\bin\zip.dll

Deoptimization events (14 events):
Event: 0.489 Thread 0x000002c94121f4b0 Uncommon trap: trap_request=0xffffff45 fr.pc=0x000002c94ee21914 relative=0x0000000000000074
Event: 0.489 Thread 0x000002c94121f4b0 Uncommon trap: reason=unstable_if action=reinterpret pc=0x000002c94ee21914 method=java.lang.CharacterDataLatin1.toLowerCase(I)I @ 16 c2
Event: 0.489 Thread 0x000002c94121f4b0 DEOPT PACKING pc=0x000002c94ee21914 sp=0x000000fb432fb2e0
Event: 0.489 Thread 0x000002c94121f4b0 DEOPT UNPACKING pc=0x000002c94e8c46a2 sp=0x000000fb432fb270 mode 2
Event: 0.625 Thread 0x000002c94121f4b0 DEOPT PACKING pc=0x000002c94737f623 sp=0x000000fb432fe0a0
Event: 0.625 Thread 0x000002c94121f4b0 DEOPT UNPACKING pc=0x000002c94e8c4e42 sp=0x000000fb432fd538 mode 0
Event: 0.655 Thread 0x000002c94121f4b0 Uncommon trap: trap_request=0xffffff45 fr.pc=0x000002c94ee2cf2c relative=0x000000000000008c
Event: 0.655 Thread 0x000002c94121f4b0 Uncommon trap: reason=unstable_if action=reinterpret pc=0x000002c94ee2cf2c method=jdk.internal.misc.Unsafe.convEndian(ZI)I @ 4 c2
Event: 0.655 Thread 0x000002c94121f4b0 DEOPT PACKING pc=0x000002c94ee2cf2c sp=0x000000fb432fe0a0
Event: 0.655 Thread 0x000002c94121f4b0 DEOPT UNPACKING pc=0x000002c94e8c46a2 sp=0x000000fb432fdfd0 mode 2
Event: 0.789 Thread 0x000002c94121f4b0 DEOPT PACKING pc=0x000002c947357978 sp=0x000000fb432fcae0
Event: 0.790 Thread 0x000002c94121f4b0 DEOPT UNPACKING pc=0x000002c94e8c4e42 sp=0x000000fb432fbf00 mode 0
Event: 0.899 Thread 0x000002c94121f4b0 DEOPT PACKING pc=0x000002c947356558 sp=0x000000fb432f8930
Event: 0.899 Thread 0x000002c94121f4b0 DEOPT UNPACKING pc=0x000002c94e8c4e42 sp=0x000000fb432f7d98 mode 0

Classes loaded (20 events):
Event: 1.117 Loading class sun/nio/ch/ExtendedSocketOption$1 done
Event: 1.117 Loading class sun/nio/ch/SocketOptionRegistry
Event: 1.117 Loading class sun/nio/ch/SocketOptionRegistry done
Event: 1.117 Loading class sun/nio/ch/SocketOptionRegistry$RegistryKey
Event: 1.117 Loading class sun/nio/ch/SocketOptionRegistry$RegistryKey done
Event: 1.117 Loading class sun/nio/ch/SocketOptionRegistry$LazyInitialization
Event: 1.117 Loading class sun/nio/ch/SocketOptionRegistry$LazyInitialization done
Event: 1.117 Loading class sun/nio/ch/OptionKey
Event: 1.117 Loading class sun/nio/ch/OptionKey done
Event: 1.131 Loading class java/time/Clock
Event: 1.131 Loading class java/time/InstantSource
Event: 1.131 Loading class java/time/InstantSource done
Event: 1.131 Loading class java/time/Clock done
Event: 1.131 Loading class java/time/Instant$1
Event: 1.132 Loading class java/time/Instant$1 done
Event: 1.133 Loading class sun/net/NetHooks
Event: 1.133 Loading class sun/net/NetHooks done
Event: 1.137 Loading class java/util/concurrent/CompletableFuture$UniHandle
Event: 1.137 Loading class java/util/concurrent/CompletableFuture$UniHandle done
Event: 1.137 Loading class sun/nio/ch/SelectionKeyImpl

Classes unloaded (0 events):
No events

Classes redefined (0 events):
No events

Internal exceptions (20 events):
Event: 0.696 Thread 0x000002c94121f4b0 Exception <a 'java/lang/NoSuchMethodError'{0x00000006f3635728}: 'int java.lang.invoke.DirectMethodHandle$Holder.invokeSpecialIFC(java.lang.Object, java.lang.Object, java.lang.Object)'> (0x00000006f3635728) 
thrown [s\src\hotspot\share\interpreter\linkResolver.cpp, line 784]
Event: 0.730 Thread 0x000002c94121f4b0 Exception <a 'java/lang/NoSuchMethodError'{0x00000006f3668428}: 'java.lang.Object java.lang.invoke.DirectMethodHandle$Holder.invokeStaticInit(java.lang.Object, java.lang.Object, java.lang.Object, java.lang.Object, java.lang.Object, java.lang.Object, java.lang.Object)'> (0x00000006f3668428) 
thrown [s\src\hotspot\share\interpreter\linkResolver.cpp, line 784]
Event: 0.733 Thread 0x000002c94121f4b0 Exception <a 'java/lang/NoSuchMethodError'{0x00000006f3671ac0}: 'java.lang.Object java.lang.invoke.Invokers$Holder.invoke_MT(java.lang.Object, java.lang.Object, java.lang.Object, java.lang.Object, java.lang.Object, java.lang.Object, java.lang.Object, java.lang.Object, java.lang.Object, java.lang.Object)'> (0x00000006f3671ac0) 
thrown [s\src\hotspot\share\interpreter\linkResolver.cpp, line 784]
Event: 0.743 Thread 0x000002c94121f4b0 Exception <a 'java/lang/NoSuchMethodError'{0x00000006f36869e0}: 'void java.lang.invoke.DelegatingMethodHandle$Holder.delegate(java.lang.Object, java.lang.Object, int, java.lang.Object)'> (0x00000006f36869e0) 
thrown [s\src\hotspot\share\interpreter\linkResolver.cpp, line 784]
Event: 0.756 Thread 0x000002c94121f4b0 Exception <a 'java/lang/NoSuchMethodError'{0x00000006f36a80b0}: 'int java.lang.invoke.DirectMethodHandle$Holder.invokeVirtual(java.lang.Object, java.lang.Object, java.lang.Object)'> (0x00000006f36a80b0) 
thrown [s\src\hotspot\share\interpreter\linkResolver.cpp, line 784]
Event: 0.757 Thread 0x000002c94121f4b0 Exception <a 'java/lang/NoSuchMethodError'{0x00000006f36ab730}: 'int java.lang.invoke.DirectMethodHandle$Holder.invokeVirtual(java.lang.Object, java.lang.Object)'> (0x00000006f36ab730) 
thrown [s\src\hotspot\share\interpreter\linkResolver.cpp, line 784]
Event: 0.758 Thread 0x000002c94121f4b0 Exception <a 'java/lang/NoSuchMethodError'{0x00000006f36af998}: 'int java.lang.invoke.DirectMethodHandle$Holder.invokeStaticInit(java.lang.Object, int, int)'> (0x00000006f36af998) 
thrown [s\src\hotspot\share\interpreter\linkResolver.cpp, line 784]
Event: 0.760 Thread 0x000002c94121f4b0 Exception <a 'java/lang/NoSuchMethodError'{0x00000006f36b6d58}: 'int java.lang.invoke.DirectMethodHandle$Holder.invokeStaticInit(java.lang.Object, long, long)'> (0x00000006f36b6d58) 
thrown [s\src\hotspot\share\interpreter\linkResolver.cpp, line 784]
Event: 0.762 Thread 0x000002c94121f4b0 Exception <a 'java/lang/NoSuchMethodError'{0x00000006f36bd670}: 'int java.lang.invoke.DirectMethodHandle$Holder.invokeStaticInit(java.lang.Object, float, float)'> (0x00000006f36bd670) 
thrown [s\src\hotspot\share\interpreter\linkResolver.cpp, line 784]
Event: 0.763 Thread 0x000002c94121f4b0 Exception <a 'java/lang/NoSuchMethodError'{0x00000006f36c3f80}: 'int java.lang.invoke.DirectMethodHandle$Holder.invokeStaticInit(java.lang.Object, double, double)'> (0x00000006f36c3f80) 
thrown [s\src\hotspot\share\interpreter\linkResolver.cpp, line 784]
Event: 0.765 Thread 0x000002c94121f4b0 Exception <a 'java/lang/NoSuchMethodError'{0x00000006f36c8530}: 'int java.lang.invoke.DirectMethodHandle$Holder.invokeStatic(java.lang.Object, long)'> (0x00000006f36c8530) 
thrown [s\src\hotspot\share\interpreter\linkResolver.cpp, line 784]
Event: 0.783 Thread 0x000002c94121f4b0 Exception <a 'java/lang/NoSuchMethodError'{0x00000006f36f45f8}: 'java.lang.Object java.lang.invoke.DelegatingMethodHandle$Holder.delegate(java.lang.Object, int, java.lang.Object, java.lang.Object)'> (0x00000006f36f45f8) 
thrown [s\src\hotspot\share\interpreter\linkResolver.cpp, line 784]
Event: 0.791 Thread 0x000002c94121f4b0 Exception <a 'java/lang/NoSuchMethodError'{0x00000006f3703708}: 'int java.lang.invoke.Invokers$Holder.linkToTargetMethod(java.lang.Object, java.lang.Object, java.lang.Object)'> (0x00000006f3703708) 
thrown [s\src\hotspot\share\interpreter\linkResolver.cpp, line 784]
Event: 0.801 Thread 0x000002c94121f4b0 Exception <a 'java/lang/NoSuchMethodError'{0x00000006f3734fb0}: 'long java.lang.invoke.DirectMethodHandle$Holder.invokeSpecial(java.lang.Object, java.lang.Object)'> (0x00000006f3734fb0) 
thrown [s\src\hotspot\share\interpreter\linkResolver.cpp, line 784]
Event: 0.804 Thread 0x000002c94121f4b0 Exception <a 'java/lang/NoSuchMethodError'{0x00000006f373b9c0}: 'int java.lang.invoke.DirectMethodHandle$Holder.invokeStatic(java.lang.Object, java.lang.Object, java.lang.Object, java.lang.Object)'> (0x00000006f373b9c0) 
thrown [s\src\hotspot\share\interpreter\linkResolver.cpp, line 784]
Event: 0.805 Thread 0x000002c94121f4b0 Exception <a 'java/lang/NoSuchMethodError'{0x00000006f373ed90}: 'java.lang.Object java.lang.invoke.Invokers$Holder.invokeExact_MT(java.lang.Object, java.lang.Object, java.lang.Object, java.lang.Object, java.lang.Object, java.lang.Object)'> (0x00000006f373ed90) 
thrown [s\src\hotspot\share\interpreter\linkResolver.cpp, line 784]
Event: 1.015 Thread 0x000002c94121f4b0 Exception <a 'java/lang/NoSuchMethodError'{0x00000006f315bf80}: 'java.lang.Object java.lang.invoke.DirectMethodHandle$Holder.newInvokeSpecial(java.lang.Object, java.lang.Object, java.lang.Object, java.lang.Object, java.lang.Object)'> (0x00000006f315bf80) 
thrown [s\src\hotspot\share\interpreter\linkResolver.cpp, line 784]
Event: 1.097 Thread 0x000002c94121f4b0 Exception <a 'java/lang/NoSuchMethodError'{0x00000006f33416a8}: 'java.lang.Object java.lang.invoke.DirectMethodHandle$Holder.invokeSpecial(java.lang.Object, java.lang.Object, java.lang.Object, java.lang.Object, int)'> (0x00000006f33416a8) 
thrown [s\src\hotspot\share\interpreter\linkResolver.cpp, line 784]
Event: 1.098 Thread 0x000002c94121f4b0 Exception <a 'java/lang/NoSuchMethodError'{0x00000006f3344ff0}: 'java.lang.Object java.lang.invoke.Invokers$Holder.linkToTargetMethod(java.lang.Object, java.lang.Object, int, java.lang.Object)'> (0x00000006f3344ff0) 
thrown [s\src\hotspot\share\interpreter\linkResolver.cpp, line 784]
Event: 1.114 Thread 0x000002c94121f4b0 Exception <a 'java/lang/NoSuchMethodError'{0x00000006f3372cf8}: 'void java.lang.invoke.DirectMethodHandle$Holder.invokeSpecial(java.lang.Object, java.lang.Object, java.lang.Object)'> (0x00000006f3372cf8) 
thrown [s\src\hotspot\share\interpreter\linkResolver.cpp, line 784]

ZGC Phase Switch (0 events):
No events

VM Operations (6 events):
Event: 0.253 Executing VM operation: HandshakeAllThreads (Deoptimize)
Event: 0.253 Executing VM operation: HandshakeAllThreads (Deoptimize) done
Event: 0.275 Executing VM operation: HandshakeAllThreads (Deoptimize)
Event: 0.275 Executing VM operation: HandshakeAllThreads (Deoptimize) done
Event: 0.605 Executing VM operation: HandshakeAllThreads (Deoptimize)
Event: 0.605 Executing VM operation: HandshakeAllThreads (Deoptimize) done

Events (18 events):
Event: 0.028 Thread 0x000002c94121f4b0 Thread added: 0x000002c94121f4b0
Event: 0.125 Thread 0x000002c963037210 Thread added: 0x000002c963037210
Event: 0.125 Thread 0x000002c963039c80 Thread added: 0x000002c963039c80
Event: 0.127 Thread 0x000002c96305d290 Thread added: 0x000002c96305d290
Event: 0.128 Thread 0x000002c96305dcf0 Thread added: 0x000002c96305dcf0
Event: 0.128 Thread 0x000002c96305e900 Thread added: 0x000002c96305e900
Event: 0.128 Thread 0x000002c96305f510 Thread added: 0x000002c96305f510
Event: 0.128 Thread 0x000002c963044420 Thread added: 0x000002c963044420
Event: 0.128 Thread 0x000002c963067cc0 Thread added: 0x000002c963067cc0
Event: 0.195 Thread 0x000002c9631fc3d0 Thread added: 0x000002c9631fc3d0
Event: 0.207 Thread 0x000002c963202a60 Thread added: 0x000002c963202a60
Event: 0.222 Loaded shared library C:\Users\Mira\AppData\Local\Programs\IntelliJ IDEA Ultimate\jbr\bin\net.dll
Event: 0.226 Loaded shared library C:\Users\Mira\AppData\Local\Programs\IntelliJ IDEA Ultimate\jbr\bin\nio.dll
Event: 0.242 Loaded shared library C:\Users\Mira\AppData\Local\Programs\IntelliJ IDEA Ultimate\jbr\bin\zip.dll
Event: 0.388 Loaded shared library C:\Users\Mira\AppData\Local\Programs\IntelliJ IDEA Ultimate\jbr\bin\jimage.dll
Event: 0.879 Loaded shared library C:\Users\Mira\AppData\Local\Programs\IntelliJ IDEA Ultimate\jbr\bin\sunmscapi.dll
Event: 0.992 Loaded shared library C:\Users\Mira\AppData\Local\Programs\IntelliJ IDEA Ultimate\jbr\bin\extnet.dll
Event: 1.004 Thread 0x000002c9637c8230 Thread added: 0x000002c9637c8230


Dynamic libraries:
0x00007ff639720000 - 0x00007ff63972a000 	C:\Users\Mira\AppData\Local\Programs\IntelliJ IDEA Ultimate\jbr\bin\java.exe
0x00007ff9b1d70000 - 0x00007ff9b1f87000 	C:\WINDOWS\SYSTEM32\ntdll.dll
0x00007ff9b09b0000 - 0x00007ff9b0a74000 	C:\WINDOWS\System32\KERNEL32.DLL
0x00007ff9af420000 - 0x00007ff9af7f3000 	C:\WINDOWS\System32\KERNELBASE.dll
0x00007ff9af130000 - 0x00007ff9af241000 	C:\WINDOWS\System32\ucrtbase.dll
0x00007ff9a8f60000 - 0x00007ff9a8f78000 	C:\Users\Mira\AppData\Local\Programs\IntelliJ IDEA Ultimate\jbr\bin\jli.dll
0x00007ff938090000 - 0x00007ff9380ab000 	C:\Users\Mira\AppData\Local\Programs\IntelliJ IDEA Ultimate\jbr\bin\VCRUNTIME140.dll
0x00007ff9b03a0000 - 0x00007ff9b0551000 	C:\WINDOWS\System32\USER32.dll
0x00007ff997310000 - 0x00007ff9975a8000 	C:\WINDOWS\WinSxS\amd64_microsoft.windows.common-controls_6595b64144ccf1df_6.0.22621.5124_none_270e8f4f7386d69d\COMCTL32.dll
0x00007ff9af250000 - 0x00007ff9af276000 	C:\WINDOWS\System32\win32u.dll
0x00007ff9b0900000 - 0x00007ff9b09a7000 	C:\WINDOWS\System32\msvcrt.dll
0x00007ff9afa10000 - 0x00007ff9afa39000 	C:\WINDOWS\System32\GDI32.dll
0x00007ff9af300000 - 0x00007ff9af41b000 	C:\WINDOWS\System32\gdi32full.dll
0x00007ff9af800000 - 0x00007ff9af89a000 	C:\WINDOWS\System32\msvcp_win.dll
0x00007ff9b0750000 - 0x00007ff9b0781000 	C:\WINDOWS\System32\IMM32.DLL
0x00007ff951e90000 - 0x00007ff951e9c000 	C:\Users\Mira\AppData\Local\Programs\IntelliJ IDEA Ultimate\jbr\bin\vcruntime140_1.dll
0x00007ff99f8f0000 - 0x00007ff99f97d000 	C:\Users\Mira\AppData\Local\Programs\IntelliJ IDEA Ultimate\jbr\bin\msvcp140.dll
0x00007ff9363f0000 - 0x00007ff9371a2000 	C:\Users\Mira\AppData\Local\Programs\IntelliJ IDEA Ultimate\jbr\bin\server\jvm.dll
0x00007ff9afa60000 - 0x00007ff9afb11000 	C:\WINDOWS\System32\ADVAPI32.dll
0x00007ff9affa0000 - 0x00007ff9b0048000 	C:\WINDOWS\System32\sechost.dll
0x00007ff9aee80000 - 0x00007ff9aeea8000 	C:\WINDOWS\System32\bcrypt.dll
0x00007ff9b0280000 - 0x00007ff9b0394000 	C:\WINDOWS\System32\RPCRT4.dll
0x00007ff9b1910000 - 0x00007ff9b1981000 	C:\WINDOWS\System32\WS2_32.dll
0x00007ff9aed50000 - 0x00007ff9aed9d000 	C:\WINDOWS\SYSTEM32\POWRPROF.dll
0x00007ff9a4e20000 - 0x00007ff9a4e2a000 	C:\WINDOWS\SYSTEM32\VERSION.dll
0x00007ff9aa220000 - 0x00007ff9aa254000 	C:\WINDOWS\SYSTEM32\WINMM.dll
0x00007ff9aed30000 - 0x00007ff9aed43000 	C:\WINDOWS\SYSTEM32\UMPDC.dll
0x00007ff9ade70000 - 0x00007ff9ade88000 	C:\WINDOWS\SYSTEM32\kernel.appcore.dll
0x00007ff938080000 - 0x00007ff93808a000 	C:\Users\Mira\AppData\Local\Programs\IntelliJ IDEA Ultimate\jbr\bin\jimage.dll
0x00007ff9a65a0000 - 0x00007ff9a67d2000 	C:\WINDOWS\SYSTEM32\DBGHELP.DLL
0x00007ff9b1990000 - 0x00007ff9b1d22000 	C:\WINDOWS\System32\combase.dll
0x00007ff9b14b0000 - 0x00007ff9b1587000 	C:\WINDOWS\System32\OLEAUT32.dll
0x00007ff9963a0000 - 0x00007ff9963d2000 	C:\WINDOWS\SYSTEM32\dbgcore.DLL
0x00007ff9aeff0000 - 0x00007ff9af06b000 	C:\WINDOWS\System32\bcryptPrimitives.dll
0x00007ff938060000 - 0x00007ff93807f000 	C:\Users\Mira\AppData\Local\Programs\IntelliJ IDEA Ultimate\jbr\bin\java.dll
0x00007ff938040000 - 0x00007ff938058000 	C:\Users\Mira\AppData\Local\Programs\IntelliJ IDEA Ultimate\jbr\bin\zip.dll
0x00007ff9b0b00000 - 0x00007ff9b1396000 	C:\WINDOWS\System32\SHELL32.dll
0x00007ff9aeeb0000 - 0x00007ff9aefef000 	C:\WINDOWS\System32\wintypes.dll
0x00007ff9acd50000 - 0x00007ff9ad66a000 	C:\WINDOWS\SYSTEM32\windows.storage.dll
0x00007ff9b13a0000 - 0x00007ff9b14aa000 	C:\WINDOWS\System32\SHCORE.dll
0x00007ff9b0a80000 - 0x00007ff9b0ae3000 	C:\WINDOWS\System32\shlwapi.dll
0x00007ff9aedb0000 - 0x00007ff9aeddb000 	C:\WINDOWS\SYSTEM32\profapi.dll
0x00007ff937800000 - 0x00007ff937810000 	C:\Users\Mira\AppData\Local\Programs\IntelliJ IDEA Ultimate\jbr\bin\net.dll
0x00007ff9a9730000 - 0x00007ff9a985c000 	C:\WINDOWS\SYSTEM32\WINHTTP.dll
0x00007ff9ae2e0000 - 0x00007ff9ae34a000 	C:\WINDOWS\system32\mswsock.dll
0x00007ff9377e0000 - 0x00007ff9377f6000 	C:\Users\Mira\AppData\Local\Programs\IntelliJ IDEA Ultimate\jbr\bin\nio.dll
0x00007ff9ae630000 - 0x00007ff9ae64b000 	C:\WINDOWS\SYSTEM32\CRYPTSP.dll
0x00007ff9addd0000 - 0x00007ff9ade07000 	C:\WINDOWS\system32\rsaenh.dll
0x00007ff9ae380000 - 0x00007ff9ae3a8000 	C:\WINDOWS\SYSTEM32\USERENV.dll
0x00007ff9ae610000 - 0x00007ff9ae61c000 	C:\WINDOWS\SYSTEM32\CRYPTBASE.dll
0x00007ff9ad8d0000 - 0x00007ff9ad8fd000 	C:\WINDOWS\SYSTEM32\IPHLPAPI.DLL
0x00007ff9b1720000 - 0x00007ff9b1729000 	C:\WINDOWS\System32\NSI.dll
0x00007ff937540000 - 0x00007ff93754e000 	C:\Users\Mira\AppData\Local\Programs\IntelliJ IDEA Ultimate\jbr\bin\sunmscapi.dll
0x00007ff9af8a0000 - 0x00007ff9afa07000 	C:\WINDOWS\System32\CRYPT32.dll
0x00007ff9ae740000 - 0x00007ff9ae76d000 	C:\WINDOWS\SYSTEM32\ncrypt.dll
0x00007ff9ae700000 - 0x00007ff9ae737000 	C:\WINDOWS\SYSTEM32\NTASN1.dll
0x00007ff98e470000 - 0x00007ff98e478000 	C:\WINDOWS\system32\wshunix.dll
0x00007ff937490000 - 0x00007ff937499000 	C:\Users\Mira\AppData\Local\Programs\IntelliJ IDEA Ultimate\jbr\bin\extnet.dll

dbghelp: loaded successfully - version: 4.0.5 - missing functions: none
symbol engine: initialized successfully - sym options: 0x614 - pdb path: .;C:\Users\Mira\AppData\Local\Programs\IntelliJ IDEA Ultimate\jbr\bin;C:\WINDOWS\SYSTEM32;C:\WINDOWS\WinSxS\amd64_microsoft.windows.common-controls_6595b64144ccf1df_6.0.22621.5124_none_270e8f4f7386d69d;C:\Users\Mira\AppData\Local\Programs\IntelliJ IDEA Ultimate\jbr\bin\server

VM Arguments:
java_command: git4idea.http.GitAskPassApp Username for 'https://gitlab.com': 
java_class_path (initial): C:/Users/Mira/AppData/Local/Programs/IntelliJ IDEA Ultimate/plugins/vcs-git/lib/git4idea-rt.jar;C:/Users/Mira/AppData/Local/Programs/IntelliJ IDEA Ultimate/lib/externalProcess-rt.jar
Launcher Type: SUN_STANDARD

[Global flags]
     intx CICompilerCount                          = 4                                         {product} {ergonomic}
     uint ConcGCThreads                            = 2                                         {product} {ergonomic}
     uint G1ConcRefinementThreads                  = 8                                         {product} {ergonomic}
   size_t G1HeapRegionSize                         = 4194304                                   {product} {ergonomic}
    uintx GCDrainStackTargetSize                   = 64                                        {product} {ergonomic}
   size_t InitialHeapSize                          = 301989888                                 {product} {ergonomic}
   size_t MarkStackSize                            = 4194304                                   {product} {ergonomic}
   size_t MaxHeapSize                              = 4802478080                                {product} {ergonomic}
   size_t MaxNewSize                               = 2881486848                                {product} {ergonomic}
   size_t MinHeapDeltaBytes                        = 4194304                                   {product} {ergonomic}
   size_t MinHeapSize                              = 8388608                                   {product} {ergonomic}
    uintx NonNMethodCodeHeapSize                   = 5839372                                {pd product} {ergonomic}
    uintx NonProfiledCodeHeapSize                  = 122909434                              {pd product} {ergonomic}
    uintx ProfiledCodeHeapSize                     = 122909434                              {pd product} {ergonomic}
    uintx ReservedCodeCacheSize                    = 251658240                              {pd product} {ergonomic}
     bool SegmentedCodeCache                       = true                                      {product} {ergonomic}
   size_t SoftMaxHeapSize                          = 4802478080                             {manageable} {ergonomic}
     bool UseCompressedOops                        = true                           {product lp64_product} {ergonomic}
     bool UseG1GC                                  = true                                      {product} {ergonomic}
     bool UseLargePagesIndividualAllocation        = false                                  {pd product} {ergonomic}

Logging:
Log output configuration:
 #0: stdout all=warning uptime,level,tags foldmultilines=false
 #1: stderr all=off uptime,level,tags foldmultilines=false

Environment Variables:
PATH=C:/Program Files/Git/mingw64/libexec/git-core;C:/Program Files/Git/mingw64/libexec/git-core;C:\Program Files\Git\mingw64\bin;C:\Program Files\Git\usr\bin;C:\Users\Mira\bin;C:\Program Files (x86)\Common Files\Oracle\Java\java8path;C:\Program Files (x86)\Common Files\Oracle\Java\javapath;C:\WINDOWS\system32;C:\WINDOWS;C:\WINDOWS\System32\Wbem;C:\WINDOWS\System32\WindowsPowerShell\v1.0\;C:\WINDOWS\System32\OpenSSH\;C:\Program Files\Git\cmd;C:\Program Files\PostgreSQL\17\bin;C:\Users\Mira\AppData\Local\Programs\Python\Python312\Scripts\;C:\Users\Mira\AppData\Local\Programs\Python\Python312\;C:\Users\Mira\AppData\Local\Programs\Python\Launcher\;C:\Users\Mira\AppData\Local\Microsoft\WindowsApps;C:\Users\Mira\AppData\Local\JetBrains\Toolbox\scripts;C:\Users\Mira\AppData\Local\Microsoft\WindowsApps;C:\Users\Mira\AppData\Local\GitHubDesktop\bin;C:\Users\Mira\AppData\Local\Programs\Microsoft VS Code\bin
USERNAME=Mira
DISPLAY=:0.0
LC_ALL=en_US.UTF-8
TERM=xterm-256color
TMPDIR=C:\Users\Mira\AppData\Local\Temp
OS=Windows_NT
PROCESSOR_IDENTIFIER=AMD64 Family 23 Model 24 Stepping 1, AuthenticAMD
TMP=C:\Users\Mira\AppData\Local\Temp
TEMP=C:\Users\Mira\AppData\Local\Temp




Periodic native trim disabled

JNI global refs:
JNI global refs: 19, weak refs: 0

JNI global refs memory usage: 835, weak refs: 833

Process memory usage:
Resident Set Size: 67272K (0% of 18747656K total physical memory with 4285252K free physical memory)

OOME stack traces (most recent first):
Classloader memory used:
Loader bootstrap                                                                       : 13911K
Loader jdk.internal.loader.ClassLoaders$PlatformClassLoader                            : 1229K
Loader jdk.internal.loader.ClassLoaders$AppClassLoader                                 : 16408B

---------------  S Y S T E M  ---------------

OS:
 Windows 11 , 64 bit Build 22621 (10.0.22621.5124)
OS uptime: 2 days 20:01 hours
Hyper-V role detected

CPU: total 8 (initial active 8) (8 cores per cpu, 2 threads per core) family 23 model 24 stepping 1 microcode 0x0, cx8, cmov, fxsr, ht, mmx, 3dnowpref, sse, sse2, sse3, ssse3, sse4a, sse4.1, sse4.2, popcnt, lzcnt, tsc, tscinvbit, avx, avx2, aes, clmul, bmi1, bmi2, adx, sha, fma, vzeroupper, clflush, clflushopt, hv, rdtscp, f16c
Processor Information for all 8 processors :
  Max Mhz: 2100, Current Mhz: 2100, Mhz Limit: 2100

Memory: 4k page, system-wide physical 18308M (4184M free)
TotalPageFile size 22404M (AvailPageFile size 6M)
current process WorkingSet (physical memory assigned to process): 65M, peak: 65M
current process commit charge ("private bytes"): 381M, peak: 382M

vm_info: OpenJDK 64-Bit Server VM (21.0.3+13-b509.11) for windows-amd64 JRE (21.0.3+13-b509.11), built on 2024-08-12 by "builduser" with MS VC++ 16.10 / 16.11 (VS2019)

END.
