#
# There is insufficient memory for the Java Runtime Environment to continue.
# Native memory allocation (malloc) failed to allocate 834736 bytes. Error detail: Chunk::new
# Possible reasons:
#   The system is out of physical RAM or swap space
#   This process is running with CompressedOops enabled, and the Java Heap may be blocking the growth of the native heap
# Possible solutions:
#   Reduce memory load on the system
#   Increase physical memory or swap space
#   Check if swap backing store is full
#   Decrease Java heap size (-Xmx/-Xms)
#   Decrease number of Java threads
#   Decrease Java thread stack sizes (-Xss)
#   Set larger code cache with -XX:ReservedCodeCacheSize=
#   JVM is running with Zero Based Compressed Oops mode in which the Java heap is
#     placed in the first 32GB address space. The Java Heap base address is the
#     maximum limit for the native heap growth. Please use -XX:HeapBaseMinAddress
#     to set the Java Heap base and to place the Java Heap above 32GB virtual address.
# This output file may be truncated or incomplete.
#
#  Out of Memory Error (arena.cpp:168), pid=15972, tid=18252
#
# JRE version: OpenJDK Runtime Environment JBR-21.0.3+13-509.11-jcef (21.0.3+13) (build 21.0.3+13-b509.11)
# Java VM: OpenJDK 64-Bit Server VM JBR-21.0.3+13-509.11-jcef (21.0.3+13-b509.11, mixed mode, tiered, compressed oops, compressed class ptrs, g1 gc, windows-amd64)
# No core dump will be written. Minidumps are not enabled by default on client versions of Windows
#

---------------  S U M M A R Y ------------

Command Line: git4idea.http.GitAskPassApp Username for 'https://gitlab.com': 

Host: AMD Ryzen 5 3500U with Radeon Vega Mobile Gfx  , 8 cores, 17G,  Windows 11 , 64 bit Build 22621 (10.0.22621.5124)
Time: Thu May  1 12:05:40 2025 W. Europe Summer Time elapsed time: 1.603920 seconds (0d 0h 0m 1s)

---------------  T H R E A D  ---------------

Current thread (0x00000212de448c10):  JavaThread "C2 CompilerThread2" daemon [_thread_in_native, id=18252, stack(0x0000007839700000,0x0000007839800000) (1024K)]


Current CompileTask:
C2:   1604 1096       4       sun.security.ec.ECOperations::setDouble (463 bytes)

Stack: [0x0000007839700000,0x0000007839800000]
Native frames: (J=compiled Java code, j=interpreted, Vv=VM code, C=native code)
V  [jvm.dll+0x6e02f9]
V  [jvm.dll+0x8bd383]
V  [jvm.dll+0x8bf8de]
V  [jvm.dll+0x8bffc3]
V  [jvm.dll+0x2879c6]
V  [jvm.dll+0xc60ad]
V  [jvm.dll+0xc65e3]
V  [jvm.dll+0x2fd081]
V  [jvm.dll+0x607b29]
V  [jvm.dll+0x2583a2]
V  [jvm.dll+0x25875f]
V  [jvm.dll+0x251045]
V  [jvm.dll+0x24e89e]
V  [jvm.dll+0x1cd034]
V  [jvm.dll+0x25e13c]
V  [jvm.dll+0x25c616]
V  [jvm.dll+0x3fb056]
V  [jvm.dll+0x865338]
V  [jvm.dll+0x6deb3d]
C  [ucrtbase.dll+0x29333]
C  [KERNEL32.DLL+0x1259d]
C  [ntdll.dll+0x5af38]


---------------  P R O C E S S  ---------------

Threads class SMR info:
_java_thread_list=0x00000212de448ac0, length=16, elements={
0x00000212be26edc0, 0x00000212d9afc2f0, 0x00000212d9aff410, 0x00000212d9b24fc0,
0x00000212d9b25a20, 0x00000212d9b4d050, 0x00000212d9b55880, 0x00000212d9b587d0,
0x00000212d9b34670, 0x00000212d9c1df20, 0x00000212d9c1e5b0, 0x00000212d9c1ec40,
0x00000212d9c1f2d0, 0x00000212d9c1f960, 0x00000212de44d4d0, 0x00000212de448c10
}

Java Threads: ( => current thread )
  0x00000212be26edc0 JavaThread "main"                              [_thread_blocked, id=20216, stack(0x0000007838000000,0x0000007838100000) (1024K)]
  0x00000212d9afc2f0 JavaThread "Reference Handler"          daemon [_thread_blocked, id=22372, stack(0x0000007838800000,0x0000007838900000) (1024K)]
  0x00000212d9aff410 JavaThread "Finalizer"                  daemon [_thread_blocked, id=5064, stack(0x0000007838900000,0x0000007838a00000) (1024K)]
  0x00000212d9b24fc0 JavaThread "Signal Dispatcher"          daemon [_thread_blocked, id=24372, stack(0x0000007838a00000,0x0000007838b00000) (1024K)]
  0x00000212d9b25a20 JavaThread "Attach Listener"            daemon [_thread_blocked, id=18600, stack(0x0000007838b00000,0x0000007838c00000) (1024K)]
  0x00000212d9b4d050 JavaThread "Service Thread"             daemon [_thread_blocked, id=8968, stack(0x0000007838c00000,0x0000007838d00000) (1024K)]
  0x00000212d9b55880 JavaThread "Monitor Deflation Thread"   daemon [_thread_blocked, id=6644, stack(0x0000007838d00000,0x0000007838e00000) (1024K)]
  0x00000212d9b587d0 JavaThread "C2 CompilerThread0"         daemon [_thread_blocked, id=16996, stack(0x0000007838e00000,0x0000007838f00000) (1024K)]
  0x00000212d9b34670 JavaThread "C1 CompilerThread0"         daemon [_thread_in_vm, id=5760, stack(0x0000007838f00000,0x0000007839000000) (1024K)]
  0x00000212d9c1df20 JavaThread "Notification Thread"        daemon [_thread_blocked, id=16712, stack(0x0000007839000000,0x0000007839100000) (1024K)]
  0x00000212d9c1e5b0 JavaThread "Common-Cleaner"             daemon [_thread_blocked, id=16100, stack(0x0000007839100000,0x0000007839200000) (1024K)]
  0x00000212d9c1ec40 JavaThread "HttpClient-1-SelectorManager" daemon [_thread_in_native, id=22324, stack(0x0000007839300000,0x0000007839400000) (1024K)]
  0x00000212d9c1f2d0 JavaThread "HttpClient-1-Worker-0"      daemon [_thread_in_vm, id=2208, stack(0x0000007839400000,0x0000007839500000) (1024K)]
  0x00000212d9c1f960 JavaThread "HttpClient-1-Worker-1"      daemon [_thread_blocked, id=9988, stack(0x0000007839500000,0x0000007839600000) (1024K)]
  0x00000212de44d4d0 JavaThread "C2 CompilerThread1"         daemon [_thread_blocked, id=1428, stack(0x0000007839600000,0x0000007839700000) (1024K)]
=>0x00000212de448c10 JavaThread "C2 CompilerThread2"         daemon [_thread_in_native, id=18252, stack(0x0000007839700000,0x0000007839800000) (1024K)]
Total: 16

Other Threads:
  0x00000212d98a6a30 VMThread "VM Thread"                           [id=21848, stack(0x0000007838700000,0x0000007838800000) (1024K)]
  0x00000212d98074a0 WatcherThread "VM Periodic Task Thread"        [id=3360, stack(0x0000007838600000,0x0000007838700000) (1024K)]
  0x00000212be2d2400 WorkerThread "GC Thread#0"                     [id=8204, stack(0x0000007838100000,0x0000007838200000) (1024K)]
  0x00000212be2dc3b0 ConcurrentGCThread "G1 Main Marker"            [id=5876, stack(0x0000007838200000,0x0000007838300000) (1024K)]
  0x00000212be2dcdc0 WorkerThread "G1 Conc#0"                       [id=23828, stack(0x0000007838300000,0x0000007838400000) (1024K)]
  0x00000212d96e10b0 ConcurrentGCThread "G1 Refine#0"               [id=24304, stack(0x0000007838400000,0x0000007838500000) (1024K)]
  0x00000212d96e1b30 ConcurrentGCThread "G1 Service"                [id=3304, stack(0x0000007838500000,0x0000007838600000) (1024K)]
Total: 7

Threads with active compile tasks:
C1 CompilerThread0     1646 1143   !   3       jdk.internal.loader.BuiltinClassLoader::defineClass (162 bytes)
C2 CompilerThread2     1647 1096       4       sun.security.ec.ECOperations::setDouble (463 bytes)
Total: 2

VM state: not at safepoint (normal execution)

VM Mutex/Monitor currently owned by a thread:  ([mutex/lock_event])
[0x00007ff9370af558] Metaspace_lock - owner thread: 0x00000212d9b34670

Heap address: 0x00000006e1c00000, size: 4580 MB, Compressed Oops mode: Zero based, Oop shift amount: 3

CDS archive(s) not mapped
Compressed class space mapped at: 0x0000000800000000-0x0000000840000000, reserved size: 1073741824
Narrow klass base: 0x0000000800000000, Narrow klass shift: 0, Narrow klass range: 0x40000000

GC Precious Log:
 CardTable entry size: 512
 Card Set container configuration: InlinePtr #cards 4 size 8 Array Of Cards #cards 32 size 80 Howl #buckets 8 coarsen threshold 7372 Howl Bitmap #cards 1024 size 144 coarsen threshold 921 Card regions per heap region 1 cards per card region 8192
 CPUs: 8 total, 8 available
 Memory: 18308M
 Large Page Support: Disabled
 NUMA Support: Disabled
 Compressed Oops: Enabled (Zero based)
 Heap Region Size: 4M
 Heap Min Capacity: 8M
 Heap Initial Capacity: 288M
 Heap Max Capacity: 4580M
 Pre-touch: Disabled
 Parallel Workers: 8
 Concurrent Workers: 2
 Concurrent Refinement Workers: 8
 Periodic GC: Disabled

Heap:
 garbage-first heap   total 294912K, used 12288K [0x00000006e1c00000, 0x0000000800000000)
  region size 4096K, 4 young (16384K), 0 survivors (0K)
 Metaspace       used 17870K, committed 18112K, reserved 1114112K
  class space    used 1773K, committed 1920K, reserved 1048576K

Heap Regions: E=young(eden), S=young(survivor), O=old, HS=humongous(starts), HC=humongous(continues), CS=collection set, F=free, TAMS=top-at-mark-start, PB=parsable bottom
|   0|0x00000006e1c00000, 0x00000006e1c00000, 0x00000006e2000000|  0%| F|  |TAMS 0x00000006e1c00000| PB 0x00000006e1c00000| Untracked 
|   1|0x00000006e2000000, 0x00000006e2000000, 0x00000006e2400000|  0%| F|  |TAMS 0x00000006e2000000| PB 0x00000006e2000000| Untracked 
|   2|0x00000006e2400000, 0x00000006e2400000, 0x00000006e2800000|  0%| F|  |TAMS 0x00000006e2400000| PB 0x00000006e2400000| Untracked 
|   3|0x00000006e2800000, 0x00000006e2800000, 0x00000006e2c00000|  0%| F|  |TAMS 0x00000006e2800000| PB 0x00000006e2800000| Untracked 
|   4|0x00000006e2c00000, 0x00000006e2c00000, 0x00000006e3000000|  0%| F|  |TAMS 0x00000006e2c00000| PB 0x00000006e2c00000| Untracked 
|   5|0x00000006e3000000, 0x00000006e3000000, 0x00000006e3400000|  0%| F|  |TAMS 0x00000006e3000000| PB 0x00000006e3000000| Untracked 
|   6|0x00000006e3400000, 0x00000006e3400000, 0x00000006e3800000|  0%| F|  |TAMS 0x00000006e3400000| PB 0x00000006e3400000| Untracked 
|   7|0x00000006e3800000, 0x00000006e3800000, 0x00000006e3c00000|  0%| F|  |TAMS 0x00000006e3800000| PB 0x00000006e3800000| Untracked 
|   8|0x00000006e3c00000, 0x00000006e3c00000, 0x00000006e4000000|  0%| F|  |TAMS 0x00000006e3c00000| PB 0x00000006e3c00000| Untracked 
|   9|0x00000006e4000000, 0x00000006e4000000, 0x00000006e4400000|  0%| F|  |TAMS 0x00000006e4000000| PB 0x00000006e4000000| Untracked 
|  10|0x00000006e4400000, 0x00000006e4400000, 0x00000006e4800000|  0%| F|  |TAMS 0x00000006e4400000| PB 0x00000006e4400000| Untracked 
|  11|0x00000006e4800000, 0x00000006e4800000, 0x00000006e4c00000|  0%| F|  |TAMS 0x00000006e4800000| PB 0x00000006e4800000| Untracked 
|  12|0x00000006e4c00000, 0x00000006e4c00000, 0x00000006e5000000|  0%| F|  |TAMS 0x00000006e4c00000| PB 0x00000006e4c00000| Untracked 
|  13|0x00000006e5000000, 0x00000006e5000000, 0x00000006e5400000|  0%| F|  |TAMS 0x00000006e5000000| PB 0x00000006e5000000| Untracked 
|  14|0x00000006e5400000, 0x00000006e5400000, 0x00000006e5800000|  0%| F|  |TAMS 0x00000006e5400000| PB 0x00000006e5400000| Untracked 
|  15|0x00000006e5800000, 0x00000006e5800000, 0x00000006e5c00000|  0%| F|  |TAMS 0x00000006e5800000| PB 0x00000006e5800000| Untracked 
|  16|0x00000006e5c00000, 0x00000006e5c00000, 0x00000006e6000000|  0%| F|  |TAMS 0x00000006e5c00000| PB 0x00000006e5c00000| Untracked 
|  17|0x00000006e6000000, 0x00000006e6000000, 0x00000006e6400000|  0%| F|  |TAMS 0x00000006e6000000| PB 0x00000006e6000000| Untracked 
|  18|0x00000006e6400000, 0x00000006e6400000, 0x00000006e6800000|  0%| F|  |TAMS 0x00000006e6400000| PB 0x00000006e6400000| Untracked 
|  19|0x00000006e6800000, 0x00000006e6800000, 0x00000006e6c00000|  0%| F|  |TAMS 0x00000006e6800000| PB 0x00000006e6800000| Untracked 
|  20|0x00000006e6c00000, 0x00000006e6c00000, 0x00000006e7000000|  0%| F|  |TAMS 0x00000006e6c00000| PB 0x00000006e6c00000| Untracked 
|  21|0x00000006e7000000, 0x00000006e7000000, 0x00000006e7400000|  0%| F|  |TAMS 0x00000006e7000000| PB 0x00000006e7000000| Untracked 
|  22|0x00000006e7400000, 0x00000006e7400000, 0x00000006e7800000|  0%| F|  |TAMS 0x00000006e7400000| PB 0x00000006e7400000| Untracked 
|  23|0x00000006e7800000, 0x00000006e7800000, 0x00000006e7c00000|  0%| F|  |TAMS 0x00000006e7800000| PB 0x00000006e7800000| Untracked 
|  24|0x00000006e7c00000, 0x00000006e7c00000, 0x00000006e8000000|  0%| F|  |TAMS 0x00000006e7c00000| PB 0x00000006e7c00000| Untracked 
|  25|0x00000006e8000000, 0x00000006e8000000, 0x00000006e8400000|  0%| F|  |TAMS 0x00000006e8000000| PB 0x00000006e8000000| Untracked 
|  26|0x00000006e8400000, 0x00000006e8400000, 0x00000006e8800000|  0%| F|  |TAMS 0x00000006e8400000| PB 0x00000006e8400000| Untracked 
|  27|0x00000006e8800000, 0x00000006e8800000, 0x00000006e8c00000|  0%| F|  |TAMS 0x00000006e8800000| PB 0x00000006e8800000| Untracked 
|  28|0x00000006e8c00000, 0x00000006e8c00000, 0x00000006e9000000|  0%| F|  |TAMS 0x00000006e8c00000| PB 0x00000006e8c00000| Untracked 
|  29|0x00000006e9000000, 0x00000006e9000000, 0x00000006e9400000|  0%| F|  |TAMS 0x00000006e9000000| PB 0x00000006e9000000| Untracked 
|  30|0x00000006e9400000, 0x00000006e9400000, 0x00000006e9800000|  0%| F|  |TAMS 0x00000006e9400000| PB 0x00000006e9400000| Untracked 
|  31|0x00000006e9800000, 0x00000006e9800000, 0x00000006e9c00000|  0%| F|  |TAMS 0x00000006e9800000| PB 0x00000006e9800000| Untracked 
|  32|0x00000006e9c00000, 0x00000006e9c00000, 0x00000006ea000000|  0%| F|  |TAMS 0x00000006e9c00000| PB 0x00000006e9c00000| Untracked 
|  33|0x00000006ea000000, 0x00000006ea000000, 0x00000006ea400000|  0%| F|  |TAMS 0x00000006ea000000| PB 0x00000006ea000000| Untracked 
|  34|0x00000006ea400000, 0x00000006ea400000, 0x00000006ea800000|  0%| F|  |TAMS 0x00000006ea400000| PB 0x00000006ea400000| Untracked 
|  35|0x00000006ea800000, 0x00000006ea800000, 0x00000006eac00000|  0%| F|  |TAMS 0x00000006ea800000| PB 0x00000006ea800000| Untracked 
|  36|0x00000006eac00000, 0x00000006eac00000, 0x00000006eb000000|  0%| F|  |TAMS 0x00000006eac00000| PB 0x00000006eac00000| Untracked 
|  37|0x00000006eb000000, 0x00000006eb000000, 0x00000006eb400000|  0%| F|  |TAMS 0x00000006eb000000| PB 0x00000006eb000000| Untracked 
|  38|0x00000006eb400000, 0x00000006eb400000, 0x00000006eb800000|  0%| F|  |TAMS 0x00000006eb400000| PB 0x00000006eb400000| Untracked 
|  39|0x00000006eb800000, 0x00000006eb800000, 0x00000006ebc00000|  0%| F|  |TAMS 0x00000006eb800000| PB 0x00000006eb800000| Untracked 
|  40|0x00000006ebc00000, 0x00000006ebc00000, 0x00000006ec000000|  0%| F|  |TAMS 0x00000006ebc00000| PB 0x00000006ebc00000| Untracked 
|  41|0x00000006ec000000, 0x00000006ec000000, 0x00000006ec400000|  0%| F|  |TAMS 0x00000006ec000000| PB 0x00000006ec000000| Untracked 
|  42|0x00000006ec400000, 0x00000006ec400000, 0x00000006ec800000|  0%| F|  |TAMS 0x00000006ec400000| PB 0x00000006ec400000| Untracked 
|  43|0x00000006ec800000, 0x00000006ec800000, 0x00000006ecc00000|  0%| F|  |TAMS 0x00000006ec800000| PB 0x00000006ec800000| Untracked 
|  44|0x00000006ecc00000, 0x00000006ecc00000, 0x00000006ed000000|  0%| F|  |TAMS 0x00000006ecc00000| PB 0x00000006ecc00000| Untracked 
|  45|0x00000006ed000000, 0x00000006ed000000, 0x00000006ed400000|  0%| F|  |TAMS 0x00000006ed000000| PB 0x00000006ed000000| Untracked 
|  46|0x00000006ed400000, 0x00000006ed400000, 0x00000006ed800000|  0%| F|  |TAMS 0x00000006ed400000| PB 0x00000006ed400000| Untracked 
|  47|0x00000006ed800000, 0x00000006ed800000, 0x00000006edc00000|  0%| F|  |TAMS 0x00000006ed800000| PB 0x00000006ed800000| Untracked 
|  48|0x00000006edc00000, 0x00000006edc00000, 0x00000006ee000000|  0%| F|  |TAMS 0x00000006edc00000| PB 0x00000006edc00000| Untracked 
|  49|0x00000006ee000000, 0x00000006ee000000, 0x00000006ee400000|  0%| F|  |TAMS 0x00000006ee000000| PB 0x00000006ee000000| Untracked 
|  50|0x00000006ee400000, 0x00000006ee400000, 0x00000006ee800000|  0%| F|  |TAMS 0x00000006ee400000| PB 0x00000006ee400000| Untracked 
|  51|0x00000006ee800000, 0x00000006ee800000, 0x00000006eec00000|  0%| F|  |TAMS 0x00000006ee800000| PB 0x00000006ee800000| Untracked 
|  52|0x00000006eec00000, 0x00000006eec00000, 0x00000006ef000000|  0%| F|  |TAMS 0x00000006eec00000| PB 0x00000006eec00000| Untracked 
|  53|0x00000006ef000000, 0x00000006ef000000, 0x00000006ef400000|  0%| F|  |TAMS 0x00000006ef000000| PB 0x00000006ef000000| Untracked 
|  54|0x00000006ef400000, 0x00000006ef400000, 0x00000006ef800000|  0%| F|  |TAMS 0x00000006ef400000| PB 0x00000006ef400000| Untracked 
|  55|0x00000006ef800000, 0x00000006ef800000, 0x00000006efc00000|  0%| F|  |TAMS 0x00000006ef800000| PB 0x00000006ef800000| Untracked 
|  56|0x00000006efc00000, 0x00000006efc00000, 0x00000006f0000000|  0%| F|  |TAMS 0x00000006efc00000| PB 0x00000006efc00000| Untracked 
|  57|0x00000006f0000000, 0x00000006f0000000, 0x00000006f0400000|  0%| F|  |TAMS 0x00000006f0000000| PB 0x00000006f0000000| Untracked 
|  58|0x00000006f0400000, 0x00000006f0400000, 0x00000006f0800000|  0%| F|  |TAMS 0x00000006f0400000| PB 0x00000006f0400000| Untracked 
|  59|0x00000006f0800000, 0x00000006f0800000, 0x00000006f0c00000|  0%| F|  |TAMS 0x00000006f0800000| PB 0x00000006f0800000| Untracked 
|  60|0x00000006f0c00000, 0x00000006f0c00000, 0x00000006f1000000|  0%| F|  |TAMS 0x00000006f0c00000| PB 0x00000006f0c00000| Untracked 
|  61|0x00000006f1000000, 0x00000006f1000000, 0x00000006f1400000|  0%| F|  |TAMS 0x00000006f1000000| PB 0x00000006f1000000| Untracked 
|  62|0x00000006f1400000, 0x00000006f1400000, 0x00000006f1800000|  0%| F|  |TAMS 0x00000006f1400000| PB 0x00000006f1400000| Untracked 
|  63|0x00000006f1800000, 0x00000006f1800000, 0x00000006f1c00000|  0%| F|  |TAMS 0x00000006f1800000| PB 0x00000006f1800000| Untracked 
|  64|0x00000006f1c00000, 0x00000006f1c00000, 0x00000006f2000000|  0%| F|  |TAMS 0x00000006f1c00000| PB 0x00000006f1c00000| Untracked 
|  65|0x00000006f2000000, 0x00000006f2000000, 0x00000006f2400000|  0%| F|  |TAMS 0x00000006f2000000| PB 0x00000006f2000000| Untracked 
|  66|0x00000006f2400000, 0x00000006f2400000, 0x00000006f2800000|  0%| F|  |TAMS 0x00000006f2400000| PB 0x00000006f2400000| Untracked 
|  67|0x00000006f2800000, 0x00000006f2800000, 0x00000006f2c00000|  0%| F|  |TAMS 0x00000006f2800000| PB 0x00000006f2800000| Untracked 
|  68|0x00000006f2c00000, 0x00000006f3000000, 0x00000006f3000000|100%| E|  |TAMS 0x00000006f2c00000| PB 0x00000006f2c00000| Complete 
|  69|0x00000006f3000000, 0x00000006f3400000, 0x00000006f3400000|100%| E|CS|TAMS 0x00000006f3000000| PB 0x00000006f3000000| Complete 
|  70|0x00000006f3400000, 0x00000006f3800000, 0x00000006f3800000|100%| E|CS|TAMS 0x00000006f3400000| PB 0x00000006f3400000| Complete 
|  71|0x00000006f3800000, 0x00000006f3c00000, 0x00000006f3c00000|100%| E|CS|TAMS 0x00000006f3800000| PB 0x00000006f3800000| Complete 

Card table byte_map: [0x00000212d1db0000,0x00000212d26b0000] _byte_map_base: 0x00000212ce6a2000

Marking Bits: (CMBitMap*) 0x00000212be2d2a10
 Bits: [0x00000212d26b0000, 0x00000212d6e40000)

Polling page: 0x00000212bc240000

Metaspace:

Usage:
  Non-class:     15.72 MB used.
      Class:      1.73 MB used.
       Both:     17.45 MB used.

Virtual space:
  Non-class space:       64.00 MB reserved,      15.81 MB ( 25%) committed,  1 nodes.
      Class space:        1.00 GB reserved,       1.88 MB ( <1%) committed,  1 nodes.
             Both:        1.06 GB reserved,      17.69 MB (  2%) committed. 

Chunk freelists:
   Non-Class:  16.00 KB
       Class:  14.16 MB
        Both:  14.18 MB

MaxMetaspaceSize: unlimited
CompressedClassSpaceSize: 1.00 GB
Initial GC threshold: 21.00 MB
Current GC threshold: 21.00 MB
CDS: off
 - commit_granule_bytes: 65536.
 - commit_granule_words: 8192.
 - virtual_space_node_default_size: 8388608.
 - enlarge_chunks_in_place: 1.
 - use_allocation_guard: 0.


Internal statistics:

num_allocs_failed_limit: 0.
num_arena_births: 228.
num_arena_deaths: 0.
num_vsnodes_births: 2.
num_vsnodes_deaths: 0.
num_space_committed: 283.
num_space_uncommitted: 0.
num_chunks_returned_to_freelist: 0.
num_chunks_taken_from_freelist: 429.
num_chunk_merges: 0.
num_chunk_splits: 228.
num_chunks_enlarged: 93.
num_inconsistent_stats: 0.

CodeHeap 'non-profiled nmethods': size=120000Kb used=377Kb max_used=377Kb free=119623Kb
 bounds [0x00000212c9c50000, 0x00000212c9ec0000, 0x00000212d1180000]
CodeHeap 'profiled nmethods': size=120000Kb used=1885Kb max_used=1885Kb free=118114Kb
 bounds [0x00000212c2180000, 0x00000212c23f0000, 0x00000212c96b0000]
CodeHeap 'non-nmethods': size=5760Kb used=1431Kb max_used=1455Kb free=4328Kb
 bounds [0x00000212c96b0000, 0x00000212c9920000, 0x00000212c9c50000]
 total_blobs=1656 nmethods=1141 adapters=420
 compilation: enabled
              stopped_count=0, restarted_count=0
 full_count=0

Compilation events (20 events):
Event: 1.497 Thread 0x00000212d9b34670 1123       3       sun.security.util.math.intpoly.IntegerPolynomial25519::reduce (40 bytes)
Event: 1.497 Thread 0x00000212d9b34670 nmethod 1123 0x00000212c2350890 code [0x00000212c2350a60, 0x00000212c2350d60]
Event: 1.497 Thread 0x00000212d9b34670 1124       3       sun.security.util.math.intpoly.IntegerPolynomial25519::carryReduce (391 bytes)
Event: 1.497 Thread 0x00000212d9b587d0 1125 %     4       sun.security.util.math.intpoly.IntegerPolynomial::multByInt @ 3 (30 bytes)
Event: 1.497 Thread 0x00000212de44d4d0 1126       4       sun.security.util.math.intpoly.IntegerPolynomial$MutableElement::setProduct (58 bytes)
Event: 1.498 Thread 0x00000212d9b34670 nmethod 1124 0x00000212c2350f10 code [0x00000212c23510c0, 0x00000212c2351520]
Event: 1.505 Thread 0x00000212d9b34670 1127       3       jdk.internal.misc.Unsafe::putIntUnaligned (79 bytes)
Event: 1.507 Thread 0x00000212d9b34670 nmethod 1127 0x00000212c2351710 code [0x00000212c23518e0, 0x00000212c2351c88]
Event: 1.509 Thread 0x00000212d9b34670 1128       3       jdk.internal.misc.Unsafe::putIntUnaligned (14 bytes)
Event: 1.510 Thread 0x00000212d9b34670 nmethod 1128 0x00000212c2351d90 code [0x00000212c2351f40, 0x00000212c2352188]
Event: 1.517 Thread 0x00000212d9b587d0 nmethod 1125% 0x00000212c9cac110 code [0x00000212c9cac2e0, 0x00000212c9cac768]
Event: 1.518 Thread 0x00000212d9b34670 1129       3       sun.security.provider.SHA2::implCompress0 (448 bytes)
Event: 1.520 Thread 0x00000212de44d4d0 nmethod 1126 0x00000212c9cac990 code [0x00000212c9cacb80, 0x00000212c9cad0c8]
Event: 1.520 Thread 0x00000212d9b34670 nmethod 1129 0x00000212c2352290 code [0x00000212c23524e0, 0x00000212c2353108]
Event: 1.522 Thread 0x00000212d9b34670 1130       3       java.nio.Buffer::remaining (20 bytes)
Event: 1.522 Thread 0x00000212d9b34670 nmethod 1130 0x00000212c2353810 code [0x00000212c23539c0, 0x00000212c2353b48]
Event: 1.555 Thread 0x00000212d9b34670 1133       3       java.lang.invoke.LambdaFormBuffer::changeName (149 bytes)
Event: 1.555 Thread 0x00000212d9b34670 nmethod 1133 0x00000212c2353c10 code [0x00000212c2353e00, 0x00000212c2354348]
Event: 1.559 Thread 0x00000212d9b34670 1134       3       java.lang.ref.SoftReference::<init> (13 bytes)
Event: 1.560 Thread 0x00000212d9b34670 nmethod 1134 0x00000212c2354510 code [0x00000212c23546e0, 0x00000212c2354a10]

GC Heap History (0 events):
No events

Dll operation events (2 events):
Event: 0.018 Loaded shared library C:\Users\Mira\AppData\Local\Programs\IntelliJ IDEA Ultimate\jbr\bin\java.dll
Event: 0.032 Loaded shared library C:\Users\Mira\AppData\Local\Programs\IntelliJ IDEA Ultimate\jbr\bin\zip.dll

Deoptimization events (20 events):
Event: 1.497 Thread 0x00000212d9c1f2d0 Uncommon trap: trap_request=0xffffff66 fr.pc=0x00000212c9ca7364 relative=0x0000000000000304
Event: 1.497 Thread 0x00000212d9c1f2d0 Uncommon trap: reason=speculate_class_check action=maybe_recompile pc=0x00000212c9ca7364 method=sun.security.util.math.intpoly.IntegerPolynomial.multByInt([JJ)V @ 26 c2
Event: 1.497 Thread 0x00000212d9c1f2d0 DEOPT PACKING pc=0x00000212c9ca7364 sp=0x00000078394fe520
Event: 1.497 Thread 0x00000212d9c1f2d0 DEOPT UNPACKING pc=0x00000212c97046a2 sp=0x00000078394fe460 mode 2
Event: 1.497 Thread 0x00000212d9c1f2d0 Uncommon trap: trap_request=0xffffffde fr.pc=0x00000212c9ca2b14 relative=0x0000000000000254
Event: 1.497 Thread 0x00000212d9c1f2d0 Uncommon trap: reason=class_check action=maybe_recompile pc=0x00000212c9ca2b14 method=sun.security.util.math.intpoly.IntegerPolynomial.multByInt([JJ)V @ 26 c2
Event: 1.497 Thread 0x00000212d9c1f2d0 DEOPT PACKING pc=0x00000212c9ca2b14 sp=0x00000078394fe490
Event: 1.497 Thread 0x00000212d9c1f2d0 DEOPT UNPACKING pc=0x00000212c97046a2 sp=0x00000078394fe460 mode 2
Event: 1.497 Thread 0x00000212d9c1f2d0 Uncommon trap: trap_request=0xffffffde fr.pc=0x00000212c9ca2b14 relative=0x0000000000000254
Event: 1.497 Thread 0x00000212d9c1f2d0 Uncommon trap: reason=class_check action=maybe_recompile pc=0x00000212c9ca2b14 method=sun.security.util.math.intpoly.IntegerPolynomial.multByInt([JJ)V @ 26 c2
Event: 1.497 Thread 0x00000212d9c1f2d0 DEOPT PACKING pc=0x00000212c9ca2b14 sp=0x00000078394fe490
Event: 1.497 Thread 0x00000212d9c1f2d0 DEOPT UNPACKING pc=0x00000212c97046a2 sp=0x00000078394fe460 mode 2
Event: 1.497 Thread 0x00000212d9c1f2d0 Uncommon trap: trap_request=0xffffffde fr.pc=0x00000212c9ca2b14 relative=0x0000000000000254
Event: 1.497 Thread 0x00000212d9c1f2d0 Uncommon trap: reason=class_check action=maybe_recompile pc=0x00000212c9ca2b14 method=sun.security.util.math.intpoly.IntegerPolynomial.multByInt([JJ)V @ 26 c2
Event: 1.497 Thread 0x00000212d9c1f2d0 DEOPT PACKING pc=0x00000212c9ca2b14 sp=0x00000078394fe490
Event: 1.497 Thread 0x00000212d9c1f2d0 DEOPT UNPACKING pc=0x00000212c97046a2 sp=0x00000078394fe460 mode 2
Event: 1.497 Thread 0x00000212d9c1f2d0 Uncommon trap: trap_request=0xffffffde fr.pc=0x00000212c9ca2b14 relative=0x0000000000000254
Event: 1.497 Thread 0x00000212d9c1f2d0 Uncommon trap: reason=class_check action=maybe_recompile pc=0x00000212c9ca2b14 method=sun.security.util.math.intpoly.IntegerPolynomial.multByInt([JJ)V @ 26 c2
Event: 1.497 Thread 0x00000212d9c1f2d0 DEOPT PACKING pc=0x00000212c9ca2b14 sp=0x00000078394fe490
Event: 1.497 Thread 0x00000212d9c1f2d0 DEOPT UNPACKING pc=0x00000212c97046a2 sp=0x00000078394fe460 mode 2

Classes loaded (20 events):
Event: 1.558 Loading class java/util/jar/JarFile$ThreadTrackHolder
Event: 1.558 Loading class java/util/jar/JarFile$ThreadTrackHolder done
Event: 1.558 Loading class jdk/internal/logger/BootstrapLogger$RedirectedLoggers
Event: 1.558 Loading class jdk/internal/logger/BootstrapLogger$RedirectedLoggers done
Event: 1.558 Loading class jdk/internal/logger/SurrogateLogger
Event: 1.559 Loading class jdk/internal/logger/SimpleConsoleLogger
Event: 1.559 Loading class sun/util/logging/PlatformLogger$ConfigurableBridge$LoggerConfiguration
Event: 1.559 Loading class sun/util/logging/PlatformLogger$ConfigurableBridge$LoggerConfiguration done
Event: 1.559 Loading class jdk/internal/logger/SimpleConsoleLogger done
Event: 1.559 Loading class jdk/internal/logger/SurrogateLogger done
Event: 1.560 Loading class sun/util/logging/PlatformLogger
Event: 1.560 Loading class sun/util/logging/PlatformLogger done
Event: 1.560 Loading class sun/util/logging/PlatformLogger$Level
Event: 1.560 Loading class sun/util/logging/PlatformLogger$Level done
Event: 1.561 Loading class sun/security/ssl/X509Authentication$X509Credentials
Event: 1.561 Loading class sun/security/ssl/X509Authentication$X509Credentials done
Event: 1.561 Loading class sun/security/ssl/CertificateVerify$T13CertificateVerifyMessage
Event: 1.562 Loading class sun/security/ssl/CertificateVerify$T13CertificateVerifyMessage done
Event: 1.562 Loading class sun/security/util/SignatureUtil
Event: 1.562 Loading class sun/security/util/SignatureUtil done

Classes unloaded (0 events):
No events

Classes redefined (0 events):
No events

Internal exceptions (20 events):
Event: 0.791 Thread 0x00000212be26edc0 Exception <a 'java/lang/NoSuchMethodError'{0x00000006f36a52c0}: 'int java.lang.invoke.DirectMethodHandle$Holder.invokeStaticInit(java.lang.Object, int, int)'> (0x00000006f36a52c0) 
thrown [s\src\hotspot\share\interpreter\linkResolver.cpp, line 784]
Event: 0.794 Thread 0x00000212be26edc0 Exception <a 'java/lang/NoSuchMethodError'{0x00000006f36ac680}: 'int java.lang.invoke.DirectMethodHandle$Holder.invokeStaticInit(java.lang.Object, long, long)'> (0x00000006f36ac680) 
thrown [s\src\hotspot\share\interpreter\linkResolver.cpp, line 784]
Event: 0.796 Thread 0x00000212be26edc0 Exception <a 'java/lang/NoSuchMethodError'{0x00000006f36b2f98}: 'int java.lang.invoke.DirectMethodHandle$Holder.invokeStaticInit(java.lang.Object, float, float)'> (0x00000006f36b2f98) 
thrown [s\src\hotspot\share\interpreter\linkResolver.cpp, line 784]
Event: 0.798 Thread 0x00000212be26edc0 Exception <a 'java/lang/NoSuchMethodError'{0x00000006f36b98a8}: 'int java.lang.invoke.DirectMethodHandle$Holder.invokeStaticInit(java.lang.Object, double, double)'> (0x00000006f36b98a8) 
thrown [s\src\hotspot\share\interpreter\linkResolver.cpp, line 784]
Event: 0.801 Thread 0x00000212be26edc0 Exception <a 'java/lang/NoSuchMethodError'{0x00000006f36bde58}: 'int java.lang.invoke.DirectMethodHandle$Holder.invokeStatic(java.lang.Object, long)'> (0x00000006f36bde58) 
thrown [s\src\hotspot\share\interpreter\linkResolver.cpp, line 784]
Event: 0.823 Thread 0x00000212be26edc0 Exception <a 'java/lang/NoSuchMethodError'{0x00000006f36e9f28}: 'java.lang.Object java.lang.invoke.DelegatingMethodHandle$Holder.delegate(java.lang.Object, int, java.lang.Object, java.lang.Object)'> (0x00000006f36e9f28) 
thrown [s\src\hotspot\share\interpreter\linkResolver.cpp, line 784]
Event: 0.829 Thread 0x00000212be26edc0 Exception <a 'java/lang/NoSuchMethodError'{0x00000006f36f9038}: 'int java.lang.invoke.Invokers$Holder.linkToTargetMethod(java.lang.Object, java.lang.Object, java.lang.Object)'> (0x00000006f36f9038) 
thrown [s\src\hotspot\share\interpreter\linkResolver.cpp, line 784]
Event: 0.840 Thread 0x00000212be26edc0 Exception <a 'java/lang/NoSuchMethodError'{0x00000006f372a8e0}: 'long java.lang.invoke.DirectMethodHandle$Holder.invokeSpecial(java.lang.Object, java.lang.Object)'> (0x00000006f372a8e0) 
thrown [s\src\hotspot\share\interpreter\linkResolver.cpp, line 784]
Event: 0.842 Thread 0x00000212be26edc0 Exception <a 'java/lang/NoSuchMethodError'{0x00000006f3730fe0}: 'int java.lang.invoke.DirectMethodHandle$Holder.invokeStatic(java.lang.Object, java.lang.Object, java.lang.Object, java.lang.Object)'> (0x00000006f3730fe0) 
thrown [s\src\hotspot\share\interpreter\linkResolver.cpp, line 784]
Event: 0.843 Thread 0x00000212be26edc0 Exception <a 'java/lang/NoSuchMethodError'{0x00000006f37343b0}: 'java.lang.Object java.lang.invoke.Invokers$Holder.invokeExact_MT(java.lang.Object, java.lang.Object, java.lang.Object, java.lang.Object, java.lang.Object, java.lang.Object)'> (0x00000006f37343b0) 
thrown [s\src\hotspot\share\interpreter\linkResolver.cpp, line 784]
Event: 1.054 Thread 0x00000212be26edc0 Exception <a 'java/lang/NoSuchMethodError'{0x00000006f31bf128}: 'java.lang.Object java.lang.invoke.DirectMethodHandle$Holder.newInvokeSpecial(java.lang.Object, java.lang.Object, java.lang.Object, java.lang.Object, java.lang.Object)'> (0x00000006f31bf128) 
thrown [s\src\hotspot\share\interpreter\linkResolver.cpp, line 784]
Event: 1.133 Thread 0x00000212be26edc0 Exception <a 'java/lang/NoSuchMethodError'{0x00000006f333f090}: 'java.lang.Object java.lang.invoke.DirectMethodHandle$Holder.invokeSpecial(java.lang.Object, java.lang.Object, java.lang.Object, java.lang.Object, int)'> (0x00000006f333f090) 
thrown [s\src\hotspot\share\interpreter\linkResolver.cpp, line 784]
Event: 1.134 Thread 0x00000212be26edc0 Exception <a 'java/lang/NoSuchMethodError'{0x00000006f33429d8}: 'java.lang.Object java.lang.invoke.Invokers$Holder.linkToTargetMethod(java.lang.Object, java.lang.Object, int, java.lang.Object)'> (0x00000006f33429d8) 
thrown [s\src\hotspot\share\interpreter\linkResolver.cpp, line 784]
Event: 1.152 Thread 0x00000212be26edc0 Exception <a 'java/lang/NoSuchMethodError'{0x00000006f3370fe0}: 'void java.lang.invoke.DirectMethodHandle$Holder.invokeSpecial(java.lang.Object, java.lang.Object, java.lang.Object)'> (0x00000006f3370fe0) 
thrown [s\src\hotspot\share\interpreter\linkResolver.cpp, line 784]
Event: 1.187 Thread 0x00000212d9c1ec40 Exception <a 'java/lang/NoSuchMethodError'{0x00000006f3168898}: 'void java.lang.invoke.DirectMethodHandle$Holder.invokeStatic(java.lang.Object, java.lang.Object, int)'> (0x00000006f3168898) 
thrown [s\src\hotspot\share\interpreter\linkResolver.cpp, line 784]
Event: 1.187 Thread 0x00000212be26edc0 Exception <a 'java/lang/NoSuchMethodError'{0x00000006f33f17d8}: 'void java.lang.invoke.DirectMethodHandle$Holder.invokeSpecial(java.lang.Object, java.lang.Object, java.lang.Object, java.lang.Object, java.lang.Object)'> (0x00000006f33f17d8) 
thrown [s\src\hotspot\share\interpreter\linkResolver.cpp, line 784]
Event: 1.210 Thread 0x00000212d9c1ec40 Exception <a 'java/lang/NoSuchMethodError'{0x00000006f31a1480}: 'void java.lang.invoke.DirectMethodHandle$Holder.invokeStatic(java.lang.Object, java.lang.Object)'> (0x00000006f31a1480) 
thrown [s\src\hotspot\share\interpreter\linkResolver.cpp, line 784]
Event: 1.214 Thread 0x00000212d9c1f2d0 Exception <a 'java/lang/NoSuchMethodError'{0x00000006f2c8af40}: 'void java.lang.invoke.DirectMethodHandle$Holder.invokeInterface(java.lang.Object, java.lang.Object, java.lang.Object)'> (0x00000006f2c8af40) 
thrown [s\src\hotspot\share\interpreter\linkResolver.cpp, line 784]
Event: 1.233 Thread 0x00000212d9c1f2d0 Exception <a 'java/lang/NoSuchMethodError'{0x00000006f2cd98e0}: 'void java.lang.invoke.DirectMethodHandle$Holder.invokeVirtual(java.lang.Object, java.lang.Object)'> (0x00000006f2cd98e0) 
thrown [s\src\hotspot\share\interpreter\linkResolver.cpp, line 784]
Event: 1.474 Thread 0x00000212d9c1f2d0 Exception <a 'java/lang/NoSuchMethodError'{0x00000006f2ede800}: 'void java.lang.invoke.DirectMethodHandle$Holder.invokeInterface(java.lang.Object, java.lang.Object)'> (0x00000006f2ede800) 
thrown [s\src\hotspot\share\interpreter\linkResolver.cpp, line 784]

ZGC Phase Switch (0 events):
No events

VM Operations (10 events):
Event: 0.255 Executing VM operation: HandshakeAllThreads (Deoptimize)
Event: 0.256 Executing VM operation: HandshakeAllThreads (Deoptimize) done
Event: 0.278 Executing VM operation: HandshakeAllThreads (Deoptimize)
Event: 0.278 Executing VM operation: HandshakeAllThreads (Deoptimize) done
Event: 0.622 Executing VM operation: HandshakeAllThreads (Deoptimize)
Event: 0.623 Executing VM operation: HandshakeAllThreads (Deoptimize) done
Event: 1.196 Executing VM operation: HandshakeAllThreads (Deoptimize)
Event: 1.196 Executing VM operation: HandshakeAllThreads (Deoptimize) done
Event: 1.196 Executing VM operation: Cleanup
Event: 1.196 Executing VM operation: Cleanup done

Events (20 events):
Event: 0.130 Thread 0x00000212d9b25a20 Thread added: 0x00000212d9b25a20
Event: 0.130 Thread 0x00000212d9b4d050 Thread added: 0x00000212d9b4d050
Event: 0.130 Thread 0x00000212d9b55880 Thread added: 0x00000212d9b55880
Event: 0.130 Thread 0x00000212d9b587d0 Thread added: 0x00000212d9b587d0
Event: 0.131 Thread 0x00000212d9b34670 Thread added: 0x00000212d9b34670
Event: 0.198 Thread 0x00000212d9c1df20 Thread added: 0x00000212d9c1df20
Event: 0.211 Thread 0x00000212d9c1e5b0 Thread added: 0x00000212d9c1e5b0
Event: 0.226 Loaded shared library C:\Users\Mira\AppData\Local\Programs\IntelliJ IDEA Ultimate\jbr\bin\net.dll
Event: 0.231 Loaded shared library C:\Users\Mira\AppData\Local\Programs\IntelliJ IDEA Ultimate\jbr\bin\nio.dll
Event: 0.246 Loaded shared library C:\Users\Mira\AppData\Local\Programs\IntelliJ IDEA Ultimate\jbr\bin\zip.dll
Event: 0.400 Loaded shared library C:\Users\Mira\AppData\Local\Programs\IntelliJ IDEA Ultimate\jbr\bin\jimage.dll
Event: 0.673 Thread 0x00000212de28b790 Thread added: 0x00000212de28b790
Event: 0.915 Loaded shared library C:\Users\Mira\AppData\Local\Programs\IntelliJ IDEA Ultimate\jbr\bin\sunmscapi.dll
Event: 1.024 Loaded shared library C:\Users\Mira\AppData\Local\Programs\IntelliJ IDEA Ultimate\jbr\bin\extnet.dll
Event: 1.039 Thread 0x00000212d9c1ec40 Thread added: 0x00000212d9c1ec40
Event: 1.118 Thread 0x00000212de28b790 Thread exited: 0x00000212de28b790
Event: 1.208 Thread 0x00000212d9c1f2d0 Thread added: 0x00000212d9c1f2d0
Event: 1.251 Thread 0x00000212d9c1f960 Thread added: 0x00000212d9c1f960
Event: 1.343 Thread 0x00000212de44d4d0 Thread added: 0x00000212de44d4d0
Event: 1.347 Thread 0x00000212de448c10 Thread added: 0x00000212de448c10


Dynamic libraries:
0x00007ff639720000 - 0x00007ff63972a000 	C:\Users\Mira\AppData\Local\Programs\IntelliJ IDEA Ultimate\jbr\bin\java.exe
0x00007ff9b1d70000 - 0x00007ff9b1f87000 	C:\WINDOWS\SYSTEM32\ntdll.dll
0x00007ff9b09b0000 - 0x00007ff9b0a74000 	C:\WINDOWS\System32\KERNEL32.DLL
0x00007ff9af420000 - 0x00007ff9af7f3000 	C:\WINDOWS\System32\KERNELBASE.dll
0x00007ff9af130000 - 0x00007ff9af241000 	C:\WINDOWS\System32\ucrtbase.dll
0x00007ff938090000 - 0x00007ff9380ab000 	C:\Users\Mira\AppData\Local\Programs\IntelliJ IDEA Ultimate\jbr\bin\VCRUNTIME140.dll
0x00007ff9a8f60000 - 0x00007ff9a8f78000 	C:\Users\Mira\AppData\Local\Programs\IntelliJ IDEA Ultimate\jbr\bin\jli.dll
0x00007ff9b03a0000 - 0x00007ff9b0551000 	C:\WINDOWS\System32\USER32.dll
0x00007ff9af250000 - 0x00007ff9af276000 	C:\WINDOWS\System32\win32u.dll
0x00007ff997310000 - 0x00007ff9975a8000 	C:\WINDOWS\WinSxS\amd64_microsoft.windows.common-controls_6595b64144ccf1df_6.0.22621.5124_none_270e8f4f7386d69d\COMCTL32.dll
0x00007ff9b0900000 - 0x00007ff9b09a7000 	C:\WINDOWS\System32\msvcrt.dll
0x00007ff9afa10000 - 0x00007ff9afa39000 	C:\WINDOWS\System32\GDI32.dll
0x00007ff9af300000 - 0x00007ff9af41b000 	C:\WINDOWS\System32\gdi32full.dll
0x00007ff9af800000 - 0x00007ff9af89a000 	C:\WINDOWS\System32\msvcp_win.dll
0x00007ff9b0750000 - 0x00007ff9b0781000 	C:\WINDOWS\System32\IMM32.DLL
0x00007ff951e90000 - 0x00007ff951e9c000 	C:\Users\Mira\AppData\Local\Programs\IntelliJ IDEA Ultimate\jbr\bin\vcruntime140_1.dll
0x00007ff99f8f0000 - 0x00007ff99f97d000 	C:\Users\Mira\AppData\Local\Programs\IntelliJ IDEA Ultimate\jbr\bin\msvcp140.dll
0x00007ff9363f0000 - 0x00007ff9371a2000 	C:\Users\Mira\AppData\Local\Programs\IntelliJ IDEA Ultimate\jbr\bin\server\jvm.dll
0x00007ff9afa60000 - 0x00007ff9afb11000 	C:\WINDOWS\System32\ADVAPI32.dll
0x00007ff9affa0000 - 0x00007ff9b0048000 	C:\WINDOWS\System32\sechost.dll
0x00007ff9aee80000 - 0x00007ff9aeea8000 	C:\WINDOWS\System32\bcrypt.dll
0x00007ff9b0280000 - 0x00007ff9b0394000 	C:\WINDOWS\System32\RPCRT4.dll
0x00007ff9b1910000 - 0x00007ff9b1981000 	C:\WINDOWS\System32\WS2_32.dll
0x00007ff9aed50000 - 0x00007ff9aed9d000 	C:\WINDOWS\SYSTEM32\POWRPROF.dll
0x00007ff9aa220000 - 0x00007ff9aa254000 	C:\WINDOWS\SYSTEM32\WINMM.dll
0x00007ff9a4e20000 - 0x00007ff9a4e2a000 	C:\WINDOWS\SYSTEM32\VERSION.dll
0x00007ff9aed30000 - 0x00007ff9aed43000 	C:\WINDOWS\SYSTEM32\UMPDC.dll
0x00007ff9ade70000 - 0x00007ff9ade88000 	C:\WINDOWS\SYSTEM32\kernel.appcore.dll
0x00007ff938080000 - 0x00007ff93808a000 	C:\Users\Mira\AppData\Local\Programs\IntelliJ IDEA Ultimate\jbr\bin\jimage.dll
0x00007ff9a65a0000 - 0x00007ff9a67d2000 	C:\WINDOWS\SYSTEM32\DBGHELP.DLL
0x00007ff9b1990000 - 0x00007ff9b1d22000 	C:\WINDOWS\System32\combase.dll
0x00007ff9b14b0000 - 0x00007ff9b1587000 	C:\WINDOWS\System32\OLEAUT32.dll
0x00007ff9963a0000 - 0x00007ff9963d2000 	C:\WINDOWS\SYSTEM32\dbgcore.DLL
0x00007ff9aeff0000 - 0x00007ff9af06b000 	C:\WINDOWS\System32\bcryptPrimitives.dll
0x00007ff938060000 - 0x00007ff93807f000 	C:\Users\Mira\AppData\Local\Programs\IntelliJ IDEA Ultimate\jbr\bin\java.dll
0x00007ff938040000 - 0x00007ff938058000 	C:\Users\Mira\AppData\Local\Programs\IntelliJ IDEA Ultimate\jbr\bin\zip.dll
0x00007ff9b0b00000 - 0x00007ff9b1396000 	C:\WINDOWS\System32\SHELL32.dll
0x00007ff9aeeb0000 - 0x00007ff9aefef000 	C:\WINDOWS\System32\wintypes.dll
0x00007ff9acd50000 - 0x00007ff9ad66a000 	C:\WINDOWS\SYSTEM32\windows.storage.dll
0x00007ff9b13a0000 - 0x00007ff9b14aa000 	C:\WINDOWS\System32\SHCORE.dll
0x00007ff9b0a80000 - 0x00007ff9b0ae3000 	C:\WINDOWS\System32\shlwapi.dll
0x00007ff9aedb0000 - 0x00007ff9aeddb000 	C:\WINDOWS\SYSTEM32\profapi.dll
0x00007ff937800000 - 0x00007ff937810000 	C:\Users\Mira\AppData\Local\Programs\IntelliJ IDEA Ultimate\jbr\bin\net.dll
0x00007ff9a9730000 - 0x00007ff9a985c000 	C:\WINDOWS\SYSTEM32\WINHTTP.dll
0x00007ff9ae2e0000 - 0x00007ff9ae34a000 	C:\WINDOWS\system32\mswsock.dll
0x00007ff9377e0000 - 0x00007ff9377f6000 	C:\Users\Mira\AppData\Local\Programs\IntelliJ IDEA Ultimate\jbr\bin\nio.dll
0x00007ff9ae630000 - 0x00007ff9ae64b000 	C:\WINDOWS\SYSTEM32\CRYPTSP.dll
0x00007ff9addd0000 - 0x00007ff9ade07000 	C:\WINDOWS\system32\rsaenh.dll
0x00007ff9ae380000 - 0x00007ff9ae3a8000 	C:\WINDOWS\SYSTEM32\USERENV.dll
0x00007ff9ae610000 - 0x00007ff9ae61c000 	C:\WINDOWS\SYSTEM32\CRYPTBASE.dll
0x00007ff9ad8d0000 - 0x00007ff9ad8fd000 	C:\WINDOWS\SYSTEM32\IPHLPAPI.DLL
0x00007ff9b1720000 - 0x00007ff9b1729000 	C:\WINDOWS\System32\NSI.dll
0x00007ff937540000 - 0x00007ff93754e000 	C:\Users\Mira\AppData\Local\Programs\IntelliJ IDEA Ultimate\jbr\bin\sunmscapi.dll
0x00007ff9af8a0000 - 0x00007ff9afa07000 	C:\WINDOWS\System32\CRYPT32.dll
0x00007ff9ae740000 - 0x00007ff9ae76d000 	C:\WINDOWS\SYSTEM32\ncrypt.dll
0x00007ff9ae700000 - 0x00007ff9ae737000 	C:\WINDOWS\SYSTEM32\NTASN1.dll
0x00007ff98e470000 - 0x00007ff98e478000 	C:\WINDOWS\system32\wshunix.dll
0x00007ff937490000 - 0x00007ff937499000 	C:\Users\Mira\AppData\Local\Programs\IntelliJ IDEA Ultimate\jbr\bin\extnet.dll

dbghelp: loaded successfully - version: 4.0.5 - missing functions: none
symbol engine: initialized successfully - sym options: 0x614 - pdb path: .;C:\Users\Mira\AppData\Local\Programs\IntelliJ IDEA Ultimate\jbr\bin;C:\WINDOWS\SYSTEM32;C:\WINDOWS\WinSxS\amd64_microsoft.windows.common-controls_6595b64144ccf1df_6.0.22621.5124_none_270e8f4f7386d69d;C:\Users\Mira\AppData\Local\Programs\IntelliJ IDEA Ultimate\jbr\bin\server

VM Arguments:
java_command: git4idea.http.GitAskPassApp Username for 'https://gitlab.com': 
java_class_path (initial): C:/Users/Mira/AppData/Local/Programs/IntelliJ IDEA Ultimate/plugins/vcs-git/lib/git4idea-rt.jar;C:/Users/Mira/AppData/Local/Programs/IntelliJ IDEA Ultimate/lib/externalProcess-rt.jar
Launcher Type: SUN_STANDARD

[Global flags]
     intx CICompilerCount                          = 4                                         {product} {ergonomic}
     uint ConcGCThreads                            = 2                                         {product} {ergonomic}
     uint G1ConcRefinementThreads                  = 8                                         {product} {ergonomic}
   size_t G1HeapRegionSize                         = 4194304                                   {product} {ergonomic}
    uintx GCDrainStackTargetSize                   = 64                                        {product} {ergonomic}
   size_t InitialHeapSize                          = 301989888                                 {product} {ergonomic}
   size_t MarkStackSize                            = 4194304                                   {product} {ergonomic}
   size_t MaxHeapSize                              = 4802478080                                {product} {ergonomic}
   size_t MaxNewSize                               = 2881486848                                {product} {ergonomic}
   size_t MinHeapDeltaBytes                        = 4194304                                   {product} {ergonomic}
   size_t MinHeapSize                              = 8388608                                   {product} {ergonomic}
    uintx NonNMethodCodeHeapSize                   = 5839372                                {pd product} {ergonomic}
    uintx NonProfiledCodeHeapSize                  = 122909434                              {pd product} {ergonomic}
    uintx ProfiledCodeHeapSize                     = 122909434                              {pd product} {ergonomic}
    uintx ReservedCodeCacheSize                    = 251658240                              {pd product} {ergonomic}
     bool SegmentedCodeCache                       = true                                      {product} {ergonomic}
   size_t SoftMaxHeapSize                          = 4802478080                             {manageable} {ergonomic}
     bool UseCompressedOops                        = true                           {product lp64_product} {ergonomic}
     bool UseG1GC                                  = true                                      {product} {ergonomic}
     bool UseLargePagesIndividualAllocation        = false                                  {pd product} {ergonomic}

Logging:
Log output configuration:
 #0: stdout all=warning uptime,level,tags foldmultilines=false
 #1: stderr all=off uptime,level,tags foldmultilines=false

Environment Variables:
PATH=C:/Program Files/Git/mingw64/libexec/git-core;C:/Program Files/Git/mingw64/libexec/git-core;C:\Program Files\Git\mingw64\bin;C:\Program Files\Git\usr\bin;C:\Users\Mira\bin;C:\Program Files (x86)\Common Files\Oracle\Java\java8path;C:\Program Files (x86)\Common Files\Oracle\Java\javapath;C:\WINDOWS\system32;C:\WINDOWS;C:\WINDOWS\System32\Wbem;C:\WINDOWS\System32\WindowsPowerShell\v1.0\;C:\WINDOWS\System32\OpenSSH\;C:\Program Files\Git\cmd;C:\Program Files\PostgreSQL\17\bin;C:\Users\Mira\AppData\Local\Programs\Python\Python312\Scripts\;C:\Users\Mira\AppData\Local\Programs\Python\Python312\;C:\Users\Mira\AppData\Local\Programs\Python\Launcher\;C:\Users\Mira\AppData\Local\Microsoft\WindowsApps;C:\Users\Mira\AppData\Local\JetBrains\Toolbox\scripts;C:\Users\Mira\AppData\Local\Microsoft\WindowsApps;C:\Users\Mira\AppData\Local\GitHubDesktop\bin;C:\Users\Mira\AppData\Local\Programs\Microsoft VS Code\bin
USERNAME=Mira
DISPLAY=:0.0
LC_ALL=en_US.UTF-8
TERM=xterm-256color
TMPDIR=C:\Users\Mira\AppData\Local\Temp
OS=Windows_NT
PROCESSOR_IDENTIFIER=AMD64 Family 23 Model 24 Stepping 1, AuthenticAMD
TMP=C:\Users\Mira\AppData\Local\Temp
TEMP=C:\Users\Mira\AppData\Local\Temp




Periodic native trim disabled

JNI global refs:
JNI global refs: 20, weak refs: 0

JNI global refs memory usage: 835, weak refs: 833

Process memory usage:
Resident Set Size: 83956K (0% of 18747656K total physical memory with 5036980K free physical memory)

OOME stack traces (most recent first):
Classloader memory used:
